#
# There is insufficient memory for the Java Runtime Environment to continue.
# Native memory allocation (malloc) failed to allocate 32744 bytes. Error detail: Chunk::new
# Possible reasons:
#   The system is out of physical RAM or swap space
#   This process is running with CompressedOops enabled, and the Java Heap may be blocking the growth of the native heap
# Possible solutions:
#   Reduce memory load on the system
#   Increase physical memory or swap space
#   Check if swap backing store is full
#   Decrease Java heap size (-Xmx/-Xms)
#   Decrease number of Java threads
#   Decrease Java thread stack sizes (-Xss)
#   Set larger code cache with -XX:ReservedCodeCacheSize=
#   JVM is running with Unscaled Compressed Oops mode in which the Java heap is
#     placed in the first 4GB address space. The Java Heap base address is the
#     maximum limit for the native heap growth. Please use -XX:HeapBaseMinAddress
#     to set the Java Heap base and to place the Java Heap above 4GB virtual address.
# This output file may be truncated or incomplete.
#
#  Out of Memory Error (arena.cpp:168), pid=6412, tid=4836
#
# JRE version: OpenJDK Runtime Environment Temurin-21.0.11+10 (21.0.11+10) (build 21.0.11+10-LTS)
# Java VM: OpenJDK 64-Bit Server VM Temurin-21.0.11+10 (21.0.11+10-LTS, mixed mode, sharing, tiered, compressed oops, compressed class ptrs, parallel gc, windows-amd64)
# No core dump will be written. Minidumps are not enabled by default on client versions of Windows
#

---------------  S U M M A R Y ------------

Command Line: --add-modules=ALL-SYSTEM --add-opens=java.base/java.util=ALL-UNNAMED --add-opens=java.base/java.lang=ALL-UNNAMED --add-opens=java.base/sun.nio.fs=ALL-UNNAMED -Declipse.application=org.eclipse.jdt.ls.core.id1 -Dosgi.bundles.defaultStartLevel=4 -Declipse.product=org.eclipse.jdt.ls.core.product -Djava.import.generatesMetadataFilesAtProjectRoot=false -DDetectVMInstallationsJob.disabled=true -Dfile.encoding=utf8 -XX:+UseParallelGC -XX:GCTimeRatio=4 -XX:AdaptiveSizePolicyWeight=90 -Dsun.zip.disableMemoryMapping=true -Xmx2G -Xms100m -Xlog:disable -javaagent:c:\Users\longv\.cursor\extensions\redhat.java-1.55.0-win32-x64\lombok\lombok-1.18.39-4050.jar -XX:+HeapDumpOnOutOfMemoryError -XX:HeapDumpPath=c:\Users\longv\AppData\Roaming\Cursor\User\workspaceStorage\26bc639ebba54021f9c3c7bad135f42b\redhat.java -Daether.dependencyCollector.impl=bf c:\Users\longv\.cursor\extensions\redhat.java-1.55.0-win32-x64\server\plugins\org.eclipse.equinox.launcher_1.7.200.v20260619-2039.jar -configuration c:\Users\longv\AppData\Roaming\Cursor\User\globalStorage\redhat.java\1.55.0\config_win -data c:\Users\longv\AppData\Roaming\Cursor\User\workspaceStorage\26bc639ebba54021f9c3c7bad135f42b\redhat.java\jdt_ws --pipe=\\.\pipe\lsp-5846580821e61885248a9e439aa63f96-sock

Host: 12th Gen Intel(R) Core(TM) i5-12400F, 12 cores, 15G,  Windows 10 , 64 bit Build 19041 (10.0.19041.5915)
Time: Tue Jul  7 13:45:43 2026 SE Asia Standard Time elapsed time: 21.492909 seconds (0d 0h 0m 21s)

---------------  T H R E A D  ---------------

Current thread (0x000002d1c6783100):  JavaThread "C1 CompilerThread0" daemon [_thread_in_native, id=4836, stack(0x000000f293800000,0x000000f293900000) (1024K)]


Current CompileTask:
C1:21492 9528       2       org.eclipse.jdt.internal.compiler.parser.Parser::endParse (293 bytes)

Stack: [0x000000f293800000,0x000000f293900000]
Native frames: (J=compiled Java code, j=interpreted, Vv=VM code, C=native code)
V  [jvm.dll+0x6d7e19]
V  [jvm.dll+0x8b5096]
V  [jvm.dll+0x8b764e]
V  [jvm.dll+0x8b7d33]
V  [jvm.dll+0x284596]
V  [jvm.dll+0xc685d]
V  [jvm.dll+0xc6da1]
V  [jvm.dll+0x16f61c]
V  [jvm.dll+0x180675]
V  [jvm.dll+0x16e7f0]
V  [jvm.dll+0x157487]
V  [jvm.dll+0x156db7]
V  [jvm.dll+0x156fe4]
V  [jvm.dll+0x1563fc]
V  [jvm.dll+0x15818d]
V  [jvm.dll+0x25baad]
V  [jvm.dll+0x25a03a]
V  [jvm.dll+0x3f868e]
V  [jvm.dll+0x85fb0d]
V  [jvm.dll+0x6d664d]
C  [ucrtbase.dll+0x21bb2]
C  [KERNEL32.DLL+0x17374]
C  [ntdll.dll+0x4cc91]


---------------  P R O C E S S  ---------------

Threads class SMR info:
_java_thread_list=0x000002d1cf03d0a0, length=51, elements={
0x000002d1eaba45c0, 0x000002d1ece4efa0, 0x000002d1ece52500, 0x000002d1ece543e0,
0x000002d1ece55040, 0x000002d1ece58910, 0x000002d1ece5a0b0, 0x000002d1ece5e610,
0x000002d1c6783100, 0x000002d1c69f5530, 0x000002d1c6abbf20, 0x000002d1cb7ba910,
0x000002d1cb620b40, 0x000002d1cb8c9660, 0x000002d1cb8ca4e0, 0x000002d1cbc2a3c0,
0x000002d1cc1b0780, 0x000002d1cbf26f40, 0x000002d1cb8b3030, 0x000002d1cb8b0f60,
0x000002d1cb8b08d0, 0x000002d1cb8b2310, 0x000002d1cb8b36c0, 0x000002d1cb8b29a0,
0x000002d1cd382d10, 0x000002d1cd3805b0, 0x000002d1cd37ff20, 0x000002d1cd381960,
0x000002d1cd385b00, 0x000002d1cd37f200, 0x000002d1cd380c40, 0x000002d1cd386820,
0x000002d1cd3812d0, 0x000002d1cd381ff0, 0x000002d1cd384750, 0x000002d1cd382680,
0x000002d1cd3833a0, 0x000002d1cd383a30, 0x000002d1cd3840c0, 0x000002d1cd385470,
0x000002d1cd386190, 0x000002d1cd37f890, 0x000002d1cb8b15f0, 0x000002d1cf071f20,
0x000002d1cf0725b0, 0x000002d1cf06f130, 0x000002d1cf0704e0, 0x000002d1cf073960,
0x000002d1cf06dd80, 0x000002d1cf06d060, 0x000002d1cf02c010
}

Java Threads: ( => current thread )
  0x000002d1eaba45c0 JavaThread "main"                              [_thread_blocked, id=1496, stack(0x000000f292d00000,0x000000f292e00000) (1024K)]
  0x000002d1ece4efa0 JavaThread "Reference Handler"          daemon [_thread_blocked, id=10320, stack(0x000000f293100000,0x000000f293200000) (1024K)]
  0x000002d1ece52500 JavaThread "Finalizer"                  daemon [_thread_blocked, id=27916, stack(0x000000f293200000,0x000000f293300000) (1024K)]
  0x000002d1ece543e0 JavaThread "Signal Dispatcher"          daemon [_thread_blocked, id=22568, stack(0x000000f293300000,0x000000f293400000) (1024K)]
  0x000002d1ece55040 JavaThread "Attach Listener"            daemon [_thread_blocked, id=32660, stack(0x000000f293400000,0x000000f293500000) (1024K)]
  0x000002d1ece58910 JavaThread "Service Thread"             daemon [_thread_blocked, id=14556, stack(0x000000f293500000,0x000000f293600000) (1024K)]
  0x000002d1ece5a0b0 JavaThread "Monitor Deflation Thread"   daemon [_thread_blocked, id=6928, stack(0x000000f293600000,0x000000f293700000) (1024K)]
  0x000002d1ece5e610 JavaThread "C2 CompilerThread0"         daemon [_thread_in_native, id=27132, stack(0x000000f293700000,0x000000f293800000) (1024K)]
=>0x000002d1c6783100 JavaThread "C1 CompilerThread0"         daemon [_thread_in_native, id=4836, stack(0x000000f293800000,0x000000f293900000) (1024K)]
  0x000002d1c69f5530 JavaThread "Common-Cleaner"             daemon [_thread_blocked, id=24404, stack(0x000000f293a00000,0x000000f293b00000) (1024K)]
  0x000002d1c6abbf20 JavaThread "Notification Thread"        daemon [_thread_blocked, id=7940, stack(0x000000f293b00000,0x000000f293c00000) (1024K)]
  0x000002d1cb7ba910 JavaThread "Active Thread: Equinox Container: aa0b8dd9-e321-4acd-b7bd-ff5e5f063b32"        [_thread_blocked, id=8096, stack(0x000000f294300000,0x000000f294400000) (1024K)]
  0x000002d1cb620b40 JavaThread "Refresh Thread: Equinox Container: aa0b8dd9-e321-4acd-b7bd-ff5e5f063b32" daemon [_thread_blocked, id=23692, stack(0x000000f294400000,0x000000f294500000) (1024K)]
  0x000002d1cb8c9660 JavaThread "Framework Event Dispatcher: Equinox Container: aa0b8dd9-e321-4acd-b7bd-ff5e5f063b32" daemon [_thread_blocked, id=37760, stack(0x000000f294600000,0x000000f294700000) (1024K)]
  0x000002d1cb8ca4e0 JavaThread "Start Level: Equinox Container: aa0b8dd9-e321-4acd-b7bd-ff5e5f063b32" daemon [_thread_blocked, id=4880, stack(0x000000f294700000,0x000000f294800000) (1024K)]
  0x000002d1cbc2a3c0 JavaThread "Bundle File Closer"         daemon [_thread_blocked, id=19852, stack(0x000000f294a00000,0x000000f294b00000) (1024K)]
  0x000002d1cc1b0780 JavaThread "SCR Component Actor"        daemon [_thread_blocked, id=37752, stack(0x000000f293900000,0x000000f293a00000) (1024K)]
  0x000002d1cbf26f40 JavaThread "Worker-JM"                         [_thread_blocked, id=39480, stack(0x000000f293c00000,0x000000f293d00000) (1024K)]
  0x000002d1cb8b3030 JavaThread "JNA Cleaner"                daemon [_thread_blocked, id=23436, stack(0x000000f294b00000,0x000000f294c00000) (1024K)]
  0x000002d1cb8b0f60 JavaThread "Worker-0: Initialize workspace"        [_thread_blocked, id=30156, stack(0x000000f294c00000,0x000000f294d00000) (1024K)]
  0x000002d1cb8b08d0 JavaThread "Worker-1"                          [_thread_blocked, id=21680, stack(0x000000f294d00000,0x000000f294e00000) (1024K)]
  0x000002d1cb8b2310 JavaThread "Worker-2"                          [_thread_blocked, id=40692, stack(0x000000f294e00000,0x000000f294f00000) (1024K)]
  0x000002d1cb8b36c0 JavaThread "Java indexing"              daemon [_thread_blocked, id=1720, stack(0x000000f295000000,0x000000f295100000) (1024K)]
  0x000002d1cb8b29a0 JavaThread "Worker-3"                          [_thread_blocked, id=29068, stack(0x000000f295200000,0x000000f295300000) (1024K)]
  0x000002d1cd382d10 JavaThread "Worker-4: Validate documents"        [_thread_blocked, id=39344, stack(0x000000f295300000,0x000000f295400000) (1024K)]
  0x000002d1cd3805b0 JavaThread "Thread-1"                   daemon [_thread_in_native, id=30952, stack(0x000000f295400000,0x000000f295500000) (1024K)]
  0x000002d1cd37ff20 JavaThread "Thread-2"                   daemon [_thread_in_native, id=23980, stack(0x000000f295500000,0x000000f295600000) (1024K)]
  0x000002d1cd381960 JavaThread "Thread-3"                   daemon [_thread_in_native, id=40224, stack(0x000000f295600000,0x000000f295700000) (1024K)]
  0x000002d1cd385b00 JavaThread "Thread-4"                   daemon [_thread_in_native, id=12624, stack(0x000000f295700000,0x000000f295800000) (1024K)]
  0x000002d1cd37f200 JavaThread "Thread-5"                   daemon [_thread_in_native, id=12344, stack(0x000000f295800000,0x000000f295900000) (1024K)]
  0x000002d1cd380c40 JavaThread "Thread-6"                   daemon [_thread_in_native, id=10280, stack(0x000000f295900000,0x000000f295a00000) (1024K)]
  0x000002d1cd386820 JavaThread "Thread-7"                   daemon [_thread_in_native, id=14076, stack(0x000000f295a00000,0x000000f295b00000) (1024K)]
  0x000002d1cd3812d0 JavaThread "Thread-8"                   daemon [_thread_in_native, id=33060, stack(0x000000f295b00000,0x000000f295c00000) (1024K)]
  0x000002d1cd381ff0 JavaThread "Thread-9"                   daemon [_thread_in_native, id=33268, stack(0x000000f295c00000,0x000000f295d00000) (1024K)]
  0x000002d1cd384750 JavaThread "Thread-10"                  daemon [_thread_in_native, id=20180, stack(0x000000f295d00000,0x000000f295e00000) (1024K)]
  0x000002d1cd382680 JavaThread "Thread-11"                  daemon [_thread_in_native, id=12832, stack(0x000000f295e00000,0x000000f295f00000) (1024K)]
  0x000002d1cd3833a0 JavaThread "Thread-12"                  daemon [_thread_in_native, id=6900, stack(0x000000f295f00000,0x000000f296000000) (1024K)]
  0x000002d1cd383a30 JavaThread "Thread-13"                  daemon [_thread_in_native, id=23428, stack(0x000000f296000000,0x000000f296100000) (1024K)]
  0x000002d1cd3840c0 JavaThread "pool-2-thread-1"                   [_thread_blocked, id=39756, stack(0x000000f296100000,0x000000f296200000) (1024K)]
  0x000002d1cd385470 JavaThread "WorkspaceEventsHandler"            [_thread_blocked, id=36580, stack(0x000000f296200000,0x000000f296300000) (1024K)]
  0x000002d1cd386190 JavaThread "pool-1-thread-1"                   [_thread_in_Java, id=8556, stack(0x000000f296300000,0x000000f296400000) (1024K)]
  0x000002d1cd37f890 JavaThread "PatternSearchJob-worker-1"  daemon [_thread_blocked, id=26552, stack(0x000000f296400000,0x000000f296500000) (1024K)]
  0x000002d1cb8b15f0 JavaThread "PatternSearchJob-worker-2"  daemon [_thread_blocked, id=11624, stack(0x000000f296500000,0x000000f296600000) (1024K)]
  0x000002d1cf071f20 JavaThread "PatternSearchJob-worker-3"  daemon [_thread_blocked, id=36240, stack(0x000000f296600000,0x000000f296700000) (1024K)]
  0x000002d1cf0725b0 JavaThread "PatternSearchJob-worker-4"  daemon [_thread_blocked, id=26696, stack(0x000000f296700000,0x000000f296800000) (1024K)]
  0x000002d1cf06f130 JavaThread "PatternSearchJob-worker-5"  daemon [_thread_blocked, id=40912, stack(0x000000f296800000,0x000000f296900000) (1024K)]
  0x000002d1cf0704e0 JavaThread "PatternSearchJob-worker-6"  daemon [_thread_blocked, id=36384, stack(0x000000f296900000,0x000000f296a00000) (1024K)]
  0x000002d1cf073960 JavaThread "PatternSearchJob-worker-7"  daemon [_thread_blocked, id=35440, stack(0x000000f296a00000,0x000000f296b00000) (1024K)]
  0x000002d1cf06dd80 JavaThread "PatternSearchJob-worker-8"  daemon [_thread_blocked, id=4364, stack(0x000000f296b00000,0x000000f296c00000) (1024K)]
  0x000002d1cf06d060 JavaThread "PatternSearchJob-worker-9"  daemon [_thread_blocked, id=36112, stack(0x000000f296c00000,0x000000f296d00000) (1024K)]
  0x000002d1cf02c010 JavaThread "C2 CompilerThread1"         daemon [_thread_in_native, id=11280, stack(0x000000f294f00000,0x000000f295000000) (1024K)]
Total: 51

Other Threads:
  0x000002d1ece44330 VMThread "VM Thread"                           [id=31032, stack(0x000000f293000000,0x000000f293100000) (1024K)]
  0x000002d1ecf0a130 WatcherThread "VM Periodic Task Thread"        [id=30056, stack(0x000000f292f00000,0x000000f293000000) (1024K)]
  0x000002d1ecebf0b0 WorkerThread "GC Thread#0"                     [id=19724, stack(0x000000f292e00000,0x000000f292f00000) (1024K)]
  0x000002d1cb71a0b0 WorkerThread "GC Thread#1"                     [id=12448, stack(0x000000f293d00000,0x000000f293e00000) (1024K)]
  0x000002d1cb71a460 WorkerThread "GC Thread#2"                     [id=32280, stack(0x000000f293e00000,0x000000f293f00000) (1024K)]
  0x000002d1cb71af70 WorkerThread "GC Thread#3"                     [id=10736, stack(0x000000f293f00000,0x000000f294000000) (1024K)]
  0x000002d1cb71a810 WorkerThread "GC Thread#4"                     [id=32944, stack(0x000000f294000000,0x000000f294100000) (1024K)]
  0x000002d1cb71abc0 WorkerThread "GC Thread#5"                     [id=40468, stack(0x000000f294100000,0x000000f294200000) (1024K)]
  0x000002d1cb7195a0 WorkerThread "GC Thread#6"                     [id=23632, stack(0x000000f294200000,0x000000f294300000) (1024K)]
  0x000002d1cb736f50 WorkerThread "GC Thread#7"                     [id=10956, stack(0x000000f294500000,0x000000f294600000) (1024K)]
  0x000002d1cb733f60 WorkerThread "GC Thread#8"                     [id=31088, stack(0x000000f294800000,0x000000f294900000) (1024K)]
  0x000002d1cb735580 WorkerThread "GC Thread#9"                     [id=37496, stack(0x000000f294900000,0x000000f294a00000) (1024K)]
Total: 12

Threads with active compile tasks:
C2 CompilerThread0  21517 9122   !   4       lombok.core.FieldAugment$ReflectionFieldAugment::getAndSet (80 bytes)
C1 CompilerThread0  21517 9528       2       org.eclipse.jdt.internal.compiler.parser.Parser::endParse (293 bytes)
C2 CompilerThread1  21517 9143       4       lombok.eclipse.handlers.EclipseHandlerUtil::setGeneratedBy (10 bytes)
Total: 3

VM state: not at safepoint (normal execution)

VM Mutex/Monitor currently owned by a thread: None

Heap address: 0x0000000080000000, size: 2048 MB, Compressed Oops mode: 32-bit

CDS archive(s) mapped at: [0x000002d184000000-0x000002d184ba0000-0x000002d184ba0000), size 12189696, SharedBaseAddress: 0x000002d184000000, ArchiveRelocationMode: 1.
Compressed class space mapped at: 0x000002d185000000-0x000002d1c5000000, reserved size: 1073741824
Narrow klass base: 0x000002d184000000, Narrow klass shift: 0, Narrow klass range: 0x100000000

GC Precious Log:
 CardTable entry size: 512
 CPUs: 12 total, 12 available
 Memory: 16215M
 Large Page Support: Disabled
 NUMA Support: Disabled
 Compressed Oops: Enabled (32-bit)
 Alignments: Space 512K, Generation 512K, Heap 2M
 Heap Min Capacity: 100M
 Heap Initial Capacity: 100M
 Heap Max Capacity: 2G
 Pre-touch: Disabled
 Parallel Workers: 10

Heap:
 PSYoungGen      total 21504K, used 15726K [0x00000000d5580000, 0x00000000d6f00000, 0x0000000100000000)
  eden space 20480K, 74% used [0x00000000d5580000,0x00000000d6453b30,0x00000000d6980000)
  from space 1024K, 53% used [0x00000000d6e00000,0x00000000d6e88000,0x00000000d6f00000)
  to   space 1024K, 0% used [0x00000000d6d00000,0x00000000d6d00000,0x00000000d6e00000)
 ParOldGen       total 68608K, used 54649K [0x0000000080000000, 0x0000000084300000, 0x00000000d5580000)
  object space 68608K, 79% used [0x0000000080000000,0x000000008355e408,0x0000000084300000)
 Metaspace       used 57378K, committed 58816K, reserved 1114112K
  class space    used 6143K, committed 6784K, reserved 1048576K

Card table byte_map: [0x000002d1ec850000,0x000002d1ecc60000] _byte_map_base: 0x000002d1ec450000

Marking Bits: (ParMarkBitMap*) 0x00007ff970694460
 Begin Bits: [0x000002d180000000, 0x000002d182000000)
 End Bits:   [0x000002d182000000, 0x000002d184000000)

Polling page: 0x000002d1eab60000

Metaspace:

Usage:
  Non-class:     50.03 MB used.
      Class:      6.00 MB used.
       Both:     56.03 MB used.

Virtual space:
  Non-class space:       64.00 MB reserved,      50.81 MB ( 79%) committed,  1 nodes.
      Class space:        1.00 GB reserved,       6.62 MB ( <1%) committed,  1 nodes.
             Both:        1.06 GB reserved,      57.44 MB (  5%) committed. 

Chunk freelists:
   Non-Class:  12.67 MB
       Class:  9.23 MB
        Both:  21.90 MB

MaxMetaspaceSize: unlimited
CompressedClassSpaceSize: 1.00 GB
Initial GC threshold: 21.00 MB
Current GC threshold: 58.38 MB
CDS: on
 - commit_granule_bytes: 65536.
 - commit_granule_words: 8192.
 - virtual_space_node_default_size: 8388608.
 - enlarge_chunks_in_place: 1.
 - use_allocation_guard: 0.


Internal statistics:

num_allocs_failed_limit: 10.
num_arena_births: 1186.
num_arena_deaths: 14.
num_vsnodes_births: 2.
num_vsnodes_deaths: 0.
num_space_committed: 919.
num_space_uncommitted: 0.
num_chunks_returned_to_freelist: 24.
num_chunks_taken_from_freelist: 3928.
num_chunk_merges: 15.
num_chunk_splits: 2421.
num_chunks_enlarged: 1336.
num_inconsistent_stats: 0.

CodeHeap 'non-profiled nmethods': size=120000Kb used=6055Kb max_used=6055Kb free=113944Kb
 bounds [0x000002d1f7b80000, 0x000002d1f8170000, 0x000002d1ff0b0000]
CodeHeap 'profiled nmethods': size=120000Kb used=20146Kb max_used=20146Kb free=99853Kb
 bounds [0x000002d1f00b0000, 0x000002d1f1460000, 0x000002d1f75e0000]
CodeHeap 'non-nmethods': size=5760Kb used=1403Kb max_used=1459Kb free=4357Kb
 bounds [0x000002d1f75e0000, 0x000002d1f7850000, 0x000002d1f7b80000]
CodeCache: size=245760Kb, used=27604Kb, max_used=27660Kb, free=218154Kb
 total_blobs=9536, nmethods=8824, adapters=618, full_count=0
Compilation: enabled, stopped_count=0, restarted_count=0

Compilation events (20 events):
Event: 21.465 Thread 0x000002d1c6783100 nmethod 9518 0x000002d1f1458990 code [0x000002d1f1458b20, 0x000002d1f1458c28]
Event: 21.467 Thread 0x000002d1c6783100 9519       2       java.lang.invoke.LambdaForm$MH/0x000002d1856b9000::invoke (66 bytes)
Event: 21.468 Thread 0x000002d1c6783100 nmethod 9519 0x000002d1f1458c90 code [0x000002d1f1458e80, 0x000002d1f14591c8]
Event: 21.470 Thread 0x000002d1c6783100 9520       2       java.util.HashMap$TreeNode::find (172 bytes)
Event: 21.471 Thread 0x000002d1c6783100 nmethod 9520 0x000002d1f1459490 code [0x000002d1f1459680, 0x000002d1f1459af8]
Event: 21.481 Thread 0x000002d1c6783100 9521       2       org.eclipse.core.internal.resources.CharsetManager::getCharsetFor (90 bytes)
Event: 21.483 Thread 0x000002d1c6783100 nmethod 9521 0x000002d1f1459d90 code [0x000002d1f1459fc0, 0x000002d1f145a458]
Event: 21.483 Thread 0x000002d1c6783100 9522       2       org.eclipse.core.internal.resources.CharsetManager::internalGetCharsetFor (63 bytes)
Event: 21.483 Thread 0x000002d1c6783100 nmethod 9522 0x000002d1f145a790 code [0x000002d1f145a980, 0x000002d1f145aca8]
Event: 21.483 Thread 0x000002d1c6783100 9523       2       org.eclipse.core.internal.content.ContentTypeMatcher::getCatalog (7 bytes)
Event: 21.483 Thread 0x000002d1c6783100 nmethod 9523 0x000002d1f145af10 code [0x000002d1f145b0c0, 0x000002d1f145b210]
Event: 21.486 Thread 0x000002d1c6783100 9524       2       com.google.gson.internal.bind.TypeAdapters$16::write (10 bytes)
Event: 21.486 Thread 0x000002d1c6783100 nmethod 9524 0x000002d1f145b310 code [0x000002d1f145b500, 0x000002d1f145b788]
Event: 21.486 Thread 0x000002d1c6783100 9525       2       com.google.gson.internal.bind.TypeAdapters$16::write (7 bytes)
Event: 21.487 Thread 0x000002d1c6783100 nmethod 9525 0x000002d1f145b910 code [0x000002d1f145bb00, 0x000002d1f145bd38]
Event: 21.489 Thread 0x000002d1c6783100 9526       2       org.eclipse.jdt.internal.compiler.SourceElementParser::endParse (43 bytes)
Event: 21.489 Thread 0x000002d1c6783100 nmethod 9526 0x000002d1f145be90 code [0x000002d1f145c080, 0x000002d1f145c328]
Event: 21.489 Thread 0x000002d1c6783100 9527       2       org.eclipse.jdt.internal.core.util.CommentRecorderParser::endParse (35 bytes)
Event: 21.490 Thread 0x000002d1c6783100 nmethod 9527 0x000002d1f145c510 code [0x000002d1f145c6e0, 0x000002d1f145c8c0]
Event: 21.490 Thread 0x000002d1c6783100 9528       2       org.eclipse.jdt.internal.compiler.parser.Parser::endParse (293 bytes)

GC Heap History (20 events):
Event: 16.864 GC heap before
{Heap before GC invocations=31 (full 2):
 PSYoungGen      total 23040K, used 22880K [0x00000000d5580000, 0x00000000d7300000, 0x0000000100000000)
  eden space 20480K, 100% used [0x00000000d5580000,0x00000000d6980000,0x00000000d6980000)
  from space 2560K, 93% used [0x00000000d7080000,0x00000000d72d8010,0x00000000d7300000)
  to   space 2560K, 0% used [0x00000000d6e00000,0x00000000d6e00000,0x00000000d7080000)
 ParOldGen       total 68608K, used 46692K [0x0000000080000000, 0x0000000084300000, 0x00000000d5580000)
  object space 68608K, 68% used [0x0000000080000000,0x0000000082d991e8,0x0000000084300000)
 Metaspace       used 49563K, committed 50880K, reserved 1114112K
  class space    used 5372K, committed 5952K, reserved 1048576K
}
Event: 16.869 GC heap after
{Heap after GC invocations=31 (full 2):
 PSYoungGen      total 23040K, used 2067K [0x00000000d5580000, 0x00000000d7100000, 0x0000000100000000)
  eden space 20480K, 0% used [0x00000000d5580000,0x00000000d5580000,0x00000000d6980000)
  from space 2560K, 80% used [0x00000000d6e00000,0x00000000d7004df8,0x00000000d7080000)
  to   space 512K, 0% used [0x00000000d7080000,0x00000000d7080000,0x00000000d7100000)
 ParOldGen       total 68608K, used 48916K [0x0000000080000000, 0x0000000084300000, 0x00000000d5580000)
  object space 68608K, 71% used [0x0000000080000000,0x0000000082fc51f8,0x0000000084300000)
 Metaspace       used 49563K, committed 50880K, reserved 1114112K
  class space    used 5372K, committed 5952K, reserved 1048576K
}
Event: 17.297 GC heap before
{Heap before GC invocations=32 (full 2):
 PSYoungGen      total 23040K, used 22547K [0x00000000d5580000, 0x00000000d7100000, 0x0000000100000000)
  eden space 20480K, 100% used [0x00000000d5580000,0x00000000d6980000,0x00000000d6980000)
  from space 2560K, 80% used [0x00000000d6e00000,0x00000000d7004df8,0x00000000d7080000)
  to   space 512K, 0% used [0x00000000d7080000,0x00000000d7080000,0x00000000d7100000)
 ParOldGen       total 68608K, used 48916K [0x0000000080000000, 0x0000000084300000, 0x00000000d5580000)
  object space 68608K, 71% used [0x0000000080000000,0x0000000082fc51f8,0x0000000084300000)
 Metaspace       used 51413K, committed 52672K, reserved 1114112K
  class space    used 5634K, committed 6208K, reserved 1048576K
}
Event: 17.300 GC heap after
{Heap after GC invocations=32 (full 2):
 PSYoungGen      total 20992K, used 512K [0x00000000d5580000, 0x00000000d7100000, 0x0000000100000000)
  eden space 20480K, 0% used [0x00000000d5580000,0x00000000d5580000,0x00000000d6980000)
  from space 512K, 100% used [0x00000000d7080000,0x00000000d7100000,0x00000000d7100000)
  to   space 2560K, 0% used [0x00000000d6c00000,0x00000000d6c00000,0x00000000d6e80000)
 ParOldGen       total 68608K, used 50829K [0x0000000080000000, 0x0000000084300000, 0x00000000d5580000)
  object space 68608K, 74% used [0x0000000080000000,0x00000000831a34a0,0x0000000084300000)
 Metaspace       used 51413K, committed 52672K, reserved 1114112K
  class space    used 5634K, committed 6208K, reserved 1048576K
}
Event: 17.745 GC heap before
{Heap before GC invocations=33 (full 2):
 PSYoungGen      total 20992K, used 20992K [0x00000000d5580000, 0x00000000d7100000, 0x0000000100000000)
  eden space 20480K, 100% used [0x00000000d5580000,0x00000000d6980000,0x00000000d6980000)
  from space 512K, 100% used [0x00000000d7080000,0x00000000d7100000,0x00000000d7100000)
  to   space 2560K, 0% used [0x00000000d6c00000,0x00000000d6c00000,0x00000000d6e80000)
 ParOldGen       total 68608K, used 50829K [0x0000000080000000, 0x0000000084300000, 0x00000000d5580000)
  object space 68608K, 74% used [0x0000000080000000,0x00000000831a34a0,0x0000000084300000)
 Metaspace       used 52481K, committed 53824K, reserved 1114112K
  class space    used 5741K, committed 6336K, reserved 1048576K
}
Event: 17.746 GC heap after
{Heap after GC invocations=33 (full 2):
 PSYoungGen      total 23040K, used 736K [0x00000000d5580000, 0x00000000d7100000, 0x0000000100000000)
  eden space 20480K, 0% used [0x00000000d5580000,0x00000000d5580000,0x00000000d6980000)
  from space 2560K, 28% used [0x00000000d6c00000,0x00000000d6cb8010,0x00000000d6e80000)
  to   space 1536K, 0% used [0x00000000d6f80000,0x00000000d6f80000,0x00000000d7100000)
 ParOldGen       total 68608K, used 51359K [0x0000000080000000, 0x0000000084300000, 0x00000000d5580000)
  object space 68608K, 74% used [0x0000000080000000,0x0000000083227e68,0x0000000084300000)
 Metaspace       used 52481K, committed 53824K, reserved 1114112K
  class space    used 5741K, committed 6336K, reserved 1048576K
}
Event: 18.368 GC heap before
{Heap before GC invocations=34 (full 2):
 PSYoungGen      total 23040K, used 21216K [0x00000000d5580000, 0x00000000d7100000, 0x0000000100000000)
  eden space 20480K, 100% used [0x00000000d5580000,0x00000000d6980000,0x00000000d6980000)
  from space 2560K, 28% used [0x00000000d6c00000,0x00000000d6cb8010,0x00000000d6e80000)
  to   space 1536K, 0% used [0x00000000d6f80000,0x00000000d6f80000,0x00000000d7100000)
 ParOldGen       total 68608K, used 51359K [0x0000000080000000, 0x0000000084300000, 0x00000000d5580000)
  object space 68608K, 74% used [0x0000000080000000,0x0000000083227e68,0x0000000084300000)
 Metaspace       used 54839K, committed 56192K, reserved 1114112K
  class space    used 5950K, committed 6528K, reserved 1048576K
}
Event: 18.371 GC heap after
{Heap after GC invocations=34 (full 2):
 PSYoungGen      total 22016K, used 1523K [0x00000000d5580000, 0x00000000d7100000, 0x0000000100000000)
  eden space 20480K, 0% used [0x00000000d5580000,0x00000000d5580000,0x00000000d6980000)
  from space 1536K, 99% used [0x00000000d6f80000,0x00000000d70fcc90,0x00000000d7100000)
  to   space 3072K, 0% used [0x00000000d6b00000,0x00000000d6b00000,0x00000000d6e00000)
 ParOldGen       total 68608K, used 52189K [0x0000000080000000, 0x0000000084300000, 0x00000000d5580000)
  object space 68608K, 76% used [0x0000000080000000,0x00000000832f74c8,0x0000000084300000)
 Metaspace       used 54839K, committed 56192K, reserved 1114112K
  class space    used 5950K, committed 6528K, reserved 1048576K
}
Event: 18.461 GC heap before
{Heap before GC invocations=35 (full 2):
 PSYoungGen      total 22016K, used 21951K [0x00000000d5580000, 0x00000000d7100000, 0x0000000100000000)
  eden space 20480K, 99% used [0x00000000d5580000,0x00000000d6973358,0x00000000d6980000)
  from space 1536K, 99% used [0x00000000d6f80000,0x00000000d70fcc90,0x00000000d7100000)
  to   space 3072K, 0% used [0x00000000d6b00000,0x00000000d6b00000,0x00000000d6e00000)
 ParOldGen       total 68608K, used 52189K [0x0000000080000000, 0x0000000084300000, 0x00000000d5580000)
  object space 68608K, 76% used [0x0000000080000000,0x00000000832f74c8,0x0000000084300000)
 Metaspace       used 54861K, committed 56192K, reserved 1114112K
  class space    used 5950K, committed 6528K, reserved 1048576K
}
Event: 18.463 GC heap after
{Heap after GC invocations=35 (full 2):
 PSYoungGen      total 23552K, used 384K [0x00000000d5580000, 0x00000000d7000000, 0x0000000100000000)
  eden space 20480K, 0% used [0x00000000d5580000,0x00000000d5580000,0x00000000d6980000)
  from space 3072K, 12% used [0x00000000d6b00000,0x00000000d6b60398,0x00000000d6e00000)
  to   space 1536K, 0% used [0x00000000d6e80000,0x00000000d6e80000,0x00000000d7000000)
 ParOldGen       total 68608K, used 53146K [0x0000000080000000, 0x0000000084300000, 0x00000000d5580000)
  object space 68608K, 77% used [0x0000000080000000,0x00000000833e6980,0x0000000084300000)
 Metaspace       used 54861K, committed 56192K, reserved 1114112K
  class space    used 5950K, committed 6528K, reserved 1048576K
}
Event: 18.980 GC heap before
{Heap before GC invocations=36 (full 2):
 PSYoungGen      total 23552K, used 20864K [0x00000000d5580000, 0x00000000d7000000, 0x0000000100000000)
  eden space 20480K, 100% used [0x00000000d5580000,0x00000000d6980000,0x00000000d6980000)
  from space 3072K, 12% used [0x00000000d6b00000,0x00000000d6b60398,0x00000000d6e00000)
  to   space 1536K, 0% used [0x00000000d6e80000,0x00000000d6e80000,0x00000000d7000000)
 ParOldGen       total 68608K, used 53146K [0x0000000080000000, 0x0000000084300000, 0x00000000d5580000)
  object space 68608K, 77% used [0x0000000080000000,0x00000000833e6980,0x0000000084300000)
 Metaspace       used 56208K, committed 57600K, reserved 1114112K
  class space    used 6070K, committed 6656K, reserved 1048576K
}
Event: 18.981 GC heap after
{Heap after GC invocations=36 (full 2):
 PSYoungGen      total 21504K, used 608K [0x00000000d5580000, 0x00000000d6f80000, 0x0000000100000000)
  eden space 20480K, 0% used [0x00000000d5580000,0x00000000d5580000,0x00000000d6980000)
  from space 1024K, 59% used [0x00000000d6e80000,0x00000000d6f18000,0x00000000d6f80000)
  to   space 1024K, 0% used [0x00000000d6d80000,0x00000000d6d80000,0x00000000d6e80000)
 ParOldGen       total 68608K, used 53170K [0x0000000080000000, 0x0000000084300000, 0x00000000d5580000)
  object space 68608K, 77% used [0x0000000080000000,0x00000000833ec980,0x0000000084300000)
 Metaspace       used 56208K, committed 57600K, reserved 1114112K
  class space    used 6070K, committed 6656K, reserved 1048576K
}
Event: 19.511 GC heap before
{Heap before GC invocations=37 (full 2):
 PSYoungGen      total 21504K, used 21088K [0x00000000d5580000, 0x00000000d6f80000, 0x0000000100000000)
  eden space 20480K, 100% used [0x00000000d5580000,0x00000000d6980000,0x00000000d6980000)
  from space 1024K, 59% used [0x00000000d6e80000,0x00000000d6f18000,0x00000000d6f80000)
  to   space 1024K, 0% used [0x00000000d6d80000,0x00000000d6d80000,0x00000000d6e80000)
 ParOldGen       total 68608K, used 53170K [0x0000000080000000, 0x0000000084300000, 0x00000000d5580000)
  object space 68608K, 77% used [0x0000000080000000,0x00000000833ec980,0x0000000084300000)
 Metaspace       used 56622K, committed 58048K, reserved 1114112K
  class space    used 6107K, committed 6720K, reserved 1048576K
}
Event: 19.513 GC heap after
{Heap after GC invocations=37 (full 2):
 PSYoungGen      total 21504K, used 640K [0x00000000d5580000, 0x00000000d6f00000, 0x0000000100000000)
  eden space 20480K, 0% used [0x00000000d5580000,0x00000000d5580000,0x00000000d6980000)
  from space 1024K, 62% used [0x00000000d6d80000,0x00000000d6e20000,0x00000000d6e80000)
  to   space 512K, 0% used [0x00000000d6e80000,0x00000000d6e80000,0x00000000d6f00000)
 ParOldGen       total 68608K, used 53554K [0x0000000080000000, 0x0000000084300000, 0x00000000d5580000)
  object space 68608K, 78% used [0x0000000080000000,0x000000008344c980,0x0000000084300000)
 Metaspace       used 56622K, committed 58048K, reserved 1114112K
  class space    used 6107K, committed 6720K, reserved 1048576K
}
Event: 20.468 GC heap before
{Heap before GC invocations=38 (full 2):
 PSYoungGen      total 21504K, used 21120K [0x00000000d5580000, 0x00000000d6f00000, 0x0000000100000000)
  eden space 20480K, 100% used [0x00000000d5580000,0x00000000d6980000,0x00000000d6980000)
  from space 1024K, 62% used [0x00000000d6d80000,0x00000000d6e20000,0x00000000d6e80000)
  to   space 512K, 0% used [0x00000000d6e80000,0x00000000d6e80000,0x00000000d6f00000)
 ParOldGen       total 68608K, used 53554K [0x0000000080000000, 0x0000000084300000, 0x00000000d5580000)
  object space 68608K, 78% used [0x0000000080000000,0x000000008344c980,0x0000000084300000)
 Metaspace       used 56970K, committed 58368K, reserved 1114112K
  class space    used 6122K, committed 6720K, reserved 1048576K
}
Event: 20.471 GC heap after
{Heap after GC invocations=38 (full 2):
 PSYoungGen      total 20992K, used 512K [0x00000000d5580000, 0x00000000d6f00000, 0x0000000100000000)
  eden space 20480K, 0% used [0x00000000d5580000,0x00000000d5580000,0x00000000d6980000)
  from space 512K, 100% used [0x00000000d6e80000,0x00000000d6f00000,0x00000000d6f00000)
  to   space 1024K, 0% used [0x00000000d6d00000,0x00000000d6d00000,0x00000000d6e00000)
 ParOldGen       total 68608K, used 53884K [0x0000000080000000, 0x0000000084300000, 0x00000000d5580000)
  object space 68608K, 78% used [0x0000000080000000,0x000000008349f038,0x0000000084300000)
 Metaspace       used 56970K, committed 58368K, reserved 1114112K
  class space    used 6122K, committed 6720K, reserved 1048576K
}
Event: 20.982 GC heap before
{Heap before GC invocations=39 (full 2):
 PSYoungGen      total 20992K, used 20992K [0x00000000d5580000, 0x00000000d6f00000, 0x0000000100000000)
  eden space 20480K, 100% used [0x00000000d5580000,0x00000000d6980000,0x00000000d6980000)
  from space 512K, 100% used [0x00000000d6e80000,0x00000000d6f00000,0x00000000d6f00000)
  to   space 1024K, 0% used [0x00000000d6d00000,0x00000000d6d00000,0x00000000d6e00000)
 ParOldGen       total 68608K, used 53884K [0x0000000080000000, 0x0000000084300000, 0x00000000d5580000)
  object space 68608K, 78% used [0x0000000080000000,0x000000008349f038,0x0000000084300000)
 Metaspace       used 57203K, committed 58688K, reserved 1114112K
  class space    used 6134K, committed 6784K, reserved 1048576K
}
Event: 20.984 GC heap after
{Heap after GC invocations=39 (full 2):
 PSYoungGen      total 21504K, used 553K [0x00000000d5580000, 0x00000000d6f00000, 0x0000000100000000)
  eden space 20480K, 0% used [0x00000000d5580000,0x00000000d5580000,0x00000000d6980000)
  from space 1024K, 54% used [0x00000000d6d00000,0x00000000d6d8a720,0x00000000d6e00000)
  to   space 1024K, 0% used [0x00000000d6e00000,0x00000000d6e00000,0x00000000d6f00000)
 ParOldGen       total 68608K, used 54261K [0x0000000080000000, 0x0000000084300000, 0x00000000d5580000)
  object space 68608K, 79% used [0x0000000080000000,0x00000000834fd498,0x0000000084300000)
 Metaspace       used 57203K, committed 58688K, reserved 1114112K
  class space    used 6134K, committed 6784K, reserved 1048576K
}
Event: 21.157 GC heap before
{Heap before GC invocations=40 (full 2):
 PSYoungGen      total 21504K, used 21033K [0x00000000d5580000, 0x00000000d6f00000, 0x0000000100000000)
  eden space 20480K, 100% used [0x00000000d5580000,0x00000000d6980000,0x00000000d6980000)
  from space 1024K, 54% used [0x00000000d6d00000,0x00000000d6d8a720,0x00000000d6e00000)
  to   space 1024K, 0% used [0x00000000d6e00000,0x00000000d6e00000,0x00000000d6f00000)
 ParOldGen       total 68608K, used 54261K [0x0000000080000000, 0x0000000084300000, 0x00000000d5580000)
  object space 68608K, 79% used [0x0000000080000000,0x00000000834fd498,0x0000000084300000)
 Metaspace       used 57260K, committed 58688K, reserved 1114112K
  class space    used 6135K, committed 6784K, reserved 1048576K
}
Event: 21.159 GC heap after
{Heap after GC invocations=40 (full 2):
 PSYoungGen      total 21504K, used 544K [0x00000000d5580000, 0x00000000d6f00000, 0x0000000100000000)
  eden space 20480K, 0% used [0x00000000d5580000,0x00000000d5580000,0x00000000d6980000)
  from space 1024K, 53% used [0x00000000d6e00000,0x00000000d6e88000,0x00000000d6f00000)
  to   space 1024K, 0% used [0x00000000d6d00000,0x00000000d6d00000,0x00000000d6e00000)
 ParOldGen       total 68608K, used 54649K [0x0000000080000000, 0x0000000084300000, 0x00000000d5580000)
  object space 68608K, 79% used [0x0000000080000000,0x000000008355e408,0x0000000084300000)
 Metaspace       used 57260K, committed 58688K, reserved 1114112K
  class space    used 6135K, committed 6784K, reserved 1048576K
}

Dll operation events (10 events):
Event: 0.013 Loaded shared library c:\Users\longv\.cursor\extensions\redhat.java-1.55.0-win32-x64\jre\21.0.11-win32-x86_64\bin\java.dll
Event: 0.108 Loaded shared library c:\Users\longv\.cursor\extensions\redhat.java-1.55.0-win32-x64\jre\21.0.11-win32-x86_64\bin\zip.dll
Event: 0.134 Loaded shared library C:\Users\longv\.cursor\extensions\redhat.java-1.55.0-win32-x64\jre\21.0.11-win32-x86_64\bin\instrument.dll
Event: 0.142 Loaded shared library C:\Users\longv\.cursor\extensions\redhat.java-1.55.0-win32-x64\jre\21.0.11-win32-x86_64\bin\net.dll
Event: 0.146 Loaded shared library C:\Users\longv\.cursor\extensions\redhat.java-1.55.0-win32-x64\jre\21.0.11-win32-x86_64\bin\nio.dll
Event: 0.150 Loaded shared library C:\Users\longv\.cursor\extensions\redhat.java-1.55.0-win32-x64\jre\21.0.11-win32-x86_64\bin\zip.dll
Event: 0.178 Loaded shared library C:\Users\longv\.cursor\extensions\redhat.java-1.55.0-win32-x64\jre\21.0.11-win32-x86_64\bin\jimage.dll
Event: 0.309 Loaded shared library c:\Users\longv\.cursor\extensions\redhat.java-1.55.0-win32-x64\jre\21.0.11-win32-x86_64\bin\verify.dll
Event: 2.420 Loaded shared library C:\Users\longv\AppData\Roaming\Cursor\User\globalStorage\redhat.java\1.55.0\config_win\org.eclipse.equinox.launcher\org.eclipse.equinox.launcher.win32.win32.x86_64_1.3.100.v20260613-0559\eclipse_11924.dll
Event: 7.115 Loaded shared library C:\Users\longv\AppData\Local\Temp\jna-103156090\jna16942295265651254878.dll

Deoptimization events (20 events):
Event: 21.183 Thread 0x000002d1cd386190 Uncommon trap: trap_request=0xffffff45 fr.pc=0x000002d1f80b4cac relative=0x000000000000016c
Event: 21.183 Thread 0x000002d1cd386190 Uncommon trap: reason=unstable_if action=reinterpret pc=0x000002d1f80b4cac method=org.eclipse.jdt.internal.compiler.parser.Scanner.addTokenToLookBack(Lorg/eclipse/jdt/internal/compiler/parser/TerminalToken;)V @ 45 c2
Event: 21.183 Thread 0x000002d1cd386190 DEOPT PACKING pc=0x000002d1f80b4cac sp=0x000000f2963fe010
Event: 21.183 Thread 0x000002d1cd386190 DEOPT UNPACKING pc=0x000002d1f7633aa2 sp=0x000000f2963fdfb8 mode 2
Event: 21.183 Thread 0x000002d1cd386190 Uncommon trap: trap_request=0xffffff45 fr.pc=0x000002d1f80b6a0c relative=0x000000000000006c
Event: 21.183 Thread 0x000002d1cd386190 Uncommon trap: reason=unstable_if action=reinterpret pc=0x000002d1f80b6a0c method=org.eclipse.jdt.internal.compiler.parser.Scanner.atMultiCaseComma()Z @ 4 c2
Event: 21.183 Thread 0x000002d1cd386190 DEOPT PACKING pc=0x000002d1f80b6a0c sp=0x000000f2963fdff0
Event: 21.183 Thread 0x000002d1cd386190 DEOPT UNPACKING pc=0x000002d1f7633aa2 sp=0x000000f2963fdf88 mode 2
Event: 21.184 Thread 0x000002d1cd386190 Uncommon trap: trap_request=0x00000ce8 fr.pc=0x000002d1f810a3d0 relative=0x0000000000004430
Event: 21.184 Thread 0x000002d1cd386190 Uncommon trap: reason=unloaded action=reinterpret pc=0x000002d1f810a3d0 method=org.eclipse.jdt.internal.compiler.parser.Parser.consumeRule(I)V @ 5238 c2
Event: 21.185 Thread 0x000002d1cd386190 DEOPT PACKING pc=0x000002d1f810a3d0 sp=0x000000f2963fe0b0
Event: 21.185 Thread 0x000002d1cd386190 DEOPT UNPACKING pc=0x000002d1f7633aa2 sp=0x000000f2963fe030 mode 2
Event: 21.205 Thread 0x000002d1cd386190 Uncommon trap: trap_request=0xffffff45 fr.pc=0x000002d1f811c610 relative=0x0000000000005130
Event: 21.205 Thread 0x000002d1cd386190 Uncommon trap: reason=unstable_if action=reinterpret pc=0x000002d1f811c610 method=lombok.core.AST.buildWithField0(Ljava/lang/Class;Ljava/lang/Object;Llombok/core/AST$FieldAccess;Ljava/util/Collection;)V @ 67 c2
Event: 21.205 Thread 0x000002d1cd386190 DEOPT PACKING pc=0x000002d1f811c610 sp=0x000000f2963fc870
Event: 21.205 Thread 0x000002d1cd386190 DEOPT UNPACKING pc=0x000002d1f7633aa2 sp=0x000000f2963fc838 mode 2
Event: 21.313 Thread 0x000002d1cd386190 Uncommon trap: trap_request=0xffffff45 fr.pc=0x000002d1f8150678 relative=0x0000000000004e38
Event: 21.313 Thread 0x000002d1cd386190 Uncommon trap: reason=unstable_if action=reinterpret pc=0x000002d1f8150678 method=lombok.core.AST.buildWithField0(Ljava/lang/Class;Ljava/lang/Object;Llombok/core/AST$FieldAccess;Ljava/util/Collection;)V @ 67 c2
Event: 21.313 Thread 0x000002d1cd386190 DEOPT PACKING pc=0x000002d1f8150678 sp=0x000000f2963fc490
Event: 21.313 Thread 0x000002d1cd386190 DEOPT UNPACKING pc=0x000002d1f7633aa2 sp=0x000000f2963fc4c8 mode 2

Classes loaded (20 events):
Event: 18.006 Loading class java/nio/charset/CharacterCodingException
Event: 18.006 Loading class java/nio/charset/CharacterCodingException done
Event: 18.007 Loading class java/io/SequenceInputStream
Event: 18.007 Loading class java/io/SequenceInputStream done
Event: 18.063 Loading class java/util/WeakHashMap$KeyIterator
Event: 18.063 Loading class java/util/WeakHashMap$KeyIterator done
Event: 18.703 Loading class java/util/stream/ReferencePipeline$4
Event: 18.703 Loading class java/util/stream/ReferencePipeline$4 done
Event: 18.706 Loading class java/util/stream/Nodes$IntFixedNodeBuilder
Event: 18.708 Loading class java/util/stream/Node$Builder$OfInt
Event: 18.709 Loading class java/util/stream/Node$Builder$OfInt done
Event: 18.709 Loading class java/util/stream/Nodes$IntArrayNode
Event: 18.709 Loading class java/util/stream/Nodes$IntArrayNode done
Event: 18.709 Loading class java/util/stream/Nodes$IntFixedNodeBuilder done
Event: 18.710 Loading class java/util/stream/ReferencePipeline$4$1
Event: 18.710 Loading class java/util/stream/ReferencePipeline$4$1 done
Event: 20.869 Loading class java/lang/StringUTF16$LinesSpliterator
Event: 20.869 Loading class java/lang/StringUTF16$LinesSpliterator done
Event: 20.914 Loading class java/lang/StringLatin1$LinesSpliterator
Event: 20.914 Loading class java/lang/StringLatin1$LinesSpliterator done

Classes unloaded (7 events):
Event: 7.984 Thread 0x000002d1ece44330 Unloading class 0x000002d1851a9800 'java/lang/invoke/LambdaForm$MH+0x000002d1851a9800'
Event: 7.984 Thread 0x000002d1ece44330 Unloading class 0x000002d1851a9400 'java/lang/invoke/LambdaForm$MH+0x000002d1851a9400'
Event: 7.984 Thread 0x000002d1ece44330 Unloading class 0x000002d1851a9000 'java/lang/invoke/LambdaForm$MH+0x000002d1851a9000'
Event: 7.984 Thread 0x000002d1ece44330 Unloading class 0x000002d1851a8c00 'java/lang/invoke/LambdaForm$MH+0x000002d1851a8c00'
Event: 7.984 Thread 0x000002d1ece44330 Unloading class 0x000002d1851a8800 'java/lang/invoke/LambdaForm$BMH+0x000002d1851a8800'
Event: 7.984 Thread 0x000002d1ece44330 Unloading class 0x000002d1851a8400 'java/lang/invoke/LambdaForm$DMH+0x000002d1851a8400'
Event: 7.984 Thread 0x000002d1ece44330 Unloading class 0x000002d1851a3000 'java/lang/invoke/LambdaForm$DMH+0x000002d1851a3000'

Classes redefined (0 events):
No events

Internal exceptions (20 events):
Event: 15.189 Thread 0x000002d1cb8b29a0 Exception <a 'sun/nio/fs/WindowsException'{0x00000000d63b3480}> (0x00000000d63b3480) 
thrown [s\src\hotspot\share\prims\jni.cpp, line 520]
Event: 15.190 Thread 0x000002d1cb8b29a0 Exception <a 'sun/nio/fs/WindowsException'{0x00000000d63b72a8}> (0x00000000d63b72a8) 
thrown [s\src\hotspot\share\prims\jni.cpp, line 520]
Event: 15.190 Thread 0x000002d1cb8b29a0 Exception <a 'sun/nio/fs/WindowsException'{0x00000000d63bbd50}> (0x00000000d63bbd50) 
thrown [s\src\hotspot\share\prims\jni.cpp, line 520]
Event: 15.191 Thread 0x000002d1cb8b29a0 Exception <a 'sun/nio/fs/WindowsException'{0x00000000d63bff30}> (0x00000000d63bff30) 
thrown [s\src\hotspot\share\prims\jni.cpp, line 520]
Event: 15.192 Thread 0x000002d1cb8b29a0 Exception <a 'sun/nio/fs/WindowsException'{0x00000000d63c4070}> (0x00000000d63c4070) 
thrown [s\src\hotspot\share\prims\jni.cpp, line 520]
Event: 15.192 Thread 0x000002d1cb8b29a0 Exception <a 'sun/nio/fs/WindowsException'{0x00000000d63c80e0}> (0x00000000d63c80e0) 
thrown [s\src\hotspot\share\prims\jni.cpp, line 520]
Event: 15.193 Thread 0x000002d1cb8b29a0 Exception <a 'sun/nio/fs/WindowsException'{0x00000000d63cd990}> (0x00000000d63cd990) 
thrown [s\src\hotspot\share\prims\jni.cpp, line 520]
Event: 15.193 Thread 0x000002d1cb8b29a0 Exception <a 'sun/nio/fs/WindowsException'{0x00000000d63d4a18}> (0x00000000d63d4a18) 
thrown [s\src\hotspot\share\prims\jni.cpp, line 520]
Event: 15.194 Thread 0x000002d1cb8b29a0 Exception <a 'sun/nio/fs/WindowsException'{0x00000000d63d8598}> (0x00000000d63d8598) 
thrown [s\src\hotspot\share\prims\jni.cpp, line 520]
Event: 15.194 Thread 0x000002d1cb8b29a0 Exception <a 'sun/nio/fs/WindowsException'{0x00000000d63dc0c0}> (0x00000000d63dc0c0) 
thrown [s\src\hotspot\share\prims\jni.cpp, line 520]
Event: 15.195 Thread 0x000002d1cb8b29a0 Exception <a 'sun/nio/fs/WindowsException'{0x00000000d63e0390}> (0x00000000d63e0390) 
thrown [s\src\hotspot\share\prims\jni.cpp, line 520]
Event: 15.195 Thread 0x000002d1cb8b29a0 Exception <a 'sun/nio/fs/WindowsException'{0x00000000d63e4a08}> (0x00000000d63e4a08) 
thrown [s\src\hotspot\share\prims\jni.cpp, line 520]
Event: 15.196 Thread 0x000002d1cb8b29a0 Exception <a 'sun/nio/fs/WindowsException'{0x00000000d63e91e8}> (0x00000000d63e91e8) 
thrown [s\src\hotspot\share\prims\jni.cpp, line 520]
Event: 15.496 Thread 0x000002d1cd386190 Exception <a 'java/lang/NoSuchMethodError'{0x00000000d57218e0}: 'java.lang.Object java.lang.invoke.DelegatingMethodHandle$Holder.reinvoke_L(java.lang.Object, int, long, java.lang.Object, java.lang.Object, int, java.lang.Object)'> (0x00000000d57218e0) 
thrown [s\src\hotspot\share\interpreter\linkResolver.cpp, line 773]
Event: 18.037 Thread 0x000002d1cd386190 Exception <a 'java/io/FileNotFoundException'{0x00000000d5ef0d90}> (0x00000000d5ef0d90) 
thrown [s\src\hotspot\share\prims\jni.cpp, line 520]
Event: 18.038 Thread 0x000002d1cd386190 Exception <a 'java/io/FileNotFoundException'{0x00000000d5ef1da8}> (0x00000000d5ef1da8) 
thrown [s\src\hotspot\share\prims\jni.cpp, line 520]
Event: 18.518 Thread 0x000002d1cb8b08d0 Exception <a 'java/lang/NoSuchMethodError'{0x00000000d6060720}: 'java.lang.Object java.lang.invoke.DirectMethodHandle$Holder.invokeSpecial(java.lang.Object, java.lang.Object, int, long)'> (0x00000000d6060720) 
thrown [s\src\hotspot\share\interpreter\linkResolver.cpp, line 773]
Event: 19.461 Thread 0x000002d1cd386190 Exception <a 'java/lang/NoSuchMethodError'{0x00000000d6617f20}: 'java.lang.Object java.lang.invoke.DirectMethodHandle$Holder.invokeStatic(java.lang.Object, java.lang.Object, int, int)'> (0x00000000d6617f20) 
thrown [s\src\hotspot\share\interpreter\linkResolver.cpp, line 773]
Event: 19.462 Thread 0x000002d1cd386190 Exception <a 'java/lang/NoSuchMethodError'{0x00000000d661c230}: 'java.lang.Object java.lang.invoke.DirectMethodHandle$Holder.invokeSpecial(java.lang.Object, java.lang.Object, java.lang.Object, int, int)'> (0x00000000d661c230) 
thrown [s\src\hotspot\share\interpreter\linkResolver.cpp, line 773]
Event: 20.870 Thread 0x000002d1cd386190 Exception <a 'java/lang/NoSuchMethodError'{0x00000000d66405f8}: 'java.lang.Object java.lang.invoke.DirectMethodHandle$Holder.invokeStatic(java.lang.Object, int, java.lang.Object)'> (0x00000000d66405f8) 
thrown [s\src\hotspot\share\interpreter\linkResolver.cpp, line 773]

ZGC Phase Switch (0 events):
No events

VM Operations (20 events):
Event: 18.461 Executing safepoint VM operation: ParallelGCFailedAllocation (Allocation Failure)
Event: 18.463 Executing safepoint VM operation: ParallelGCFailedAllocation (Allocation Failure) done
Event: 18.638 Executing non-safepoint VM operation: HandshakeAllThreads (Deoptimize)
Event: 18.639 Executing non-safepoint VM operation: HandshakeAllThreads (Deoptimize) done
Event: 18.980 Executing safepoint VM operation: ParallelGCFailedAllocation (Allocation Failure)
Event: 18.981 Executing safepoint VM operation: ParallelGCFailedAllocation (Allocation Failure) done
Event: 19.317 Executing safepoint VM operation: ICBufferFull
Event: 19.317 Executing safepoint VM operation: ICBufferFull done
Event: 19.511 Executing safepoint VM operation: ParallelGCFailedAllocation (Allocation Failure)
Event: 19.513 Executing safepoint VM operation: ParallelGCFailedAllocation (Allocation Failure) done
Event: 20.103 Executing non-safepoint VM operation: HandshakeAllThreads (Deoptimize)
Event: 20.103 Executing non-safepoint VM operation: HandshakeAllThreads (Deoptimize) done
Event: 20.446 Executing safepoint VM operation: ICBufferFull
Event: 20.447 Executing safepoint VM operation: ICBufferFull done
Event: 20.468 Executing safepoint VM operation: ParallelGCFailedAllocation (Allocation Failure)
Event: 20.471 Executing safepoint VM operation: ParallelGCFailedAllocation (Allocation Failure) done
Event: 20.982 Executing safepoint VM operation: ParallelGCFailedAllocation (Allocation Failure)
Event: 20.984 Executing safepoint VM operation: ParallelGCFailedAllocation (Allocation Failure) done
Event: 21.157 Executing safepoint VM operation: ParallelGCFailedAllocation (Allocation Failure)
Event: 21.159 Executing safepoint VM operation: ParallelGCFailedAllocation (Allocation Failure) done

Memory protections (0 events):
No events

Nmethod flushes (20 events):
Event: 10.061 Thread 0x000002d1ece44330 flushing  nmethod 0x000002d1f07b5710
Event: 10.061 Thread 0x000002d1ece44330 flushing  nmethod 0x000002d1f07c2890
Event: 10.061 Thread 0x000002d1ece44330 flushing  nmethod 0x000002d1f07c3f90
Event: 10.061 Thread 0x000002d1ece44330 flushing  nmethod 0x000002d1f07c4e90
Event: 10.061 Thread 0x000002d1ece44330 flushing  nmethod 0x000002d1f07e3590
Event: 10.061 Thread 0x000002d1ece44330 flushing  nmethod 0x000002d1f07e4610
Event: 10.061 Thread 0x000002d1ece44330 flushing  nmethod 0x000002d1f07e4f10
Event: 10.061 Thread 0x000002d1ece44330 flushing  nmethod 0x000002d1f07e6110
Event: 10.061 Thread 0x000002d1ece44330 flushing  nmethod 0x000002d1f07e7590
Event: 10.061 Thread 0x000002d1ece44330 flushing  nmethod 0x000002d1f07e9290
Event: 10.061 Thread 0x000002d1ece44330 flushing  nmethod 0x000002d1f07e9710
Event: 10.061 Thread 0x000002d1ece44330 flushing  nmethod 0x000002d1f07ea010
Event: 10.061 Thread 0x000002d1ece44330 flushing  nmethod 0x000002d1f07ebb90
Event: 10.061 Thread 0x000002d1ece44330 flushing  nmethod 0x000002d1f07ecc90
Event: 10.061 Thread 0x000002d1ece44330 flushing  nmethod 0x000002d1f07ee690
Event: 10.061 Thread 0x000002d1ece44330 flushing  nmethod 0x000002d1f0839410
Event: 10.061 Thread 0x000002d1ece44330 flushing  nmethod 0x000002d1f083d790
Event: 10.061 Thread 0x000002d1ece44330 flushing  nmethod 0x000002d1f0892a10
Event: 10.061 Thread 0x000002d1ece44330 flushing  nmethod 0x000002d1f0894890
Event: 10.061 Thread 0x000002d1ece44330 flushing  nmethod 0x000002d1f08c3590

Events (20 events):
Event: 12.901 Thread 0x000002d1cd37f890 Thread added: 0x000002d1cf071f20
Event: 12.919 Thread 0x000002d1cb8b15f0 Thread added: 0x000002d1cf0725b0
Event: 12.920 Thread 0x000002d1cf071f20 Thread added: 0x000002d1cf06f130
Event: 12.961 Thread 0x000002d1cf0725b0 Thread added: 0x000002d1cf0704e0
Event: 12.963 Thread 0x000002d1cf06f130 Thread added: 0x000002d1cf073960
Event: 13.034 Thread 0x000002d1cf0704e0 Thread added: 0x000002d1cf06dd80
Event: 13.035 Thread 0x000002d1cf073960 Thread added: 0x000002d1cf06d060
Event: 13.051 Thread 0x000002d1cba1e5c0 Thread exited: 0x000002d1cba1e5c0
Event: 13.051 Thread 0x000002d1cd40dd00 Thread exited: 0x000002d1cd40dd00
Event: 13.279 Thread 0x000002d1c6783100 Thread added: 0x000002d1cba1e5c0
Event: 13.485 Thread 0x000002d1cb8b29a0 Thread added: 0x000002d1cf06eaa0
Event: 13.512 Thread 0x000002d1cba1e5c0 Thread exited: 0x000002d1cba1e5c0
Event: 15.200 Thread 0x000002d1cf06eaa0 Thread exited: 0x000002d1cf06eaa0
Event: 15.300 Thread 0x000002d1c6783100 Thread added: 0x000002d1cfa51130
Event: 15.668 Thread 0x000002d1ece5e610 Thread added: 0x000002d1cc7f7400
Event: 16.364 Thread 0x000002d1cc7f7400 Thread exited: 0x000002d1cc7f7400
Event: 17.377 Thread 0x000002d1cfa51130 Thread exited: 0x000002d1cfa51130
Event: 17.872 Thread 0x000002d1c6783100 Thread added: 0x000002d1ce492720
Event: 18.883 Thread 0x000002d1ce492720 Thread exited: 0x000002d1ce492720
Event: 18.996 Thread 0x000002d1c6783100 Thread added: 0x000002d1cf02c010


Dynamic libraries:
0x00007ff6b8040000 - 0x00007ff6b804e000 	c:\Users\longv\.cursor\extensions\redhat.java-1.55.0-win32-x64\jre\21.0.11-win32-x86_64\bin\java.exe
0x00007ffa87bd0000 - 0x00007ffa87dc8000 	C:\Windows\SYSTEM32\ntdll.dll
0x00007ffa87320000 - 0x00007ffa873e2000 	C:\Windows\System32\KERNEL32.DLL
0x00007ffa857d0000 - 0x00007ffa85ac6000 	C:\Windows\System32\KERNELBASE.dll
0x00007ffa856d0000 - 0x00007ffa857d0000 	C:\Windows\System32\ucrtbase.dll
0x00007ffa77150000 - 0x00007ffa7716e000 	c:\Users\longv\.cursor\extensions\redhat.java-1.55.0-win32-x64\jre\21.0.11-win32-x86_64\bin\VCRUNTIME140.dll
0x00007ffa77360000 - 0x00007ffa77378000 	c:\Users\longv\.cursor\extensions\redhat.java-1.55.0-win32-x64\jre\21.0.11-win32-x86_64\bin\jli.dll
0x00007ffa86200000 - 0x00007ffa863a1000 	C:\Windows\System32\USER32.dll
0x00007ffa85290000 - 0x00007ffa852b2000 	C:\Windows\System32\win32u.dll
0x00007ffa870b0000 - 0x00007ffa870db000 	C:\Windows\System32\GDI32.dll
0x00007ffa85ad0000 - 0x00007ffa85be9000 	C:\Windows\System32\gdi32full.dll
0x00007ffa6dd00000 - 0x00007ffa6df9b000 	C:\Windows\WinSxS\amd64_microsoft.windows.common-controls_6595b64144ccf1df_6.0.19041.6456_none_60b8a6cb71f64256\COMCTL32.dll
0x00007ffa852c0000 - 0x00007ffa8535d000 	C:\Windows\System32\msvcp_win.dll
0x00007ffa863b0000 - 0x00007ffa8644e000 	C:\Windows\System32\msvcrt.dll
0x00007ffa86a00000 - 0x00007ffa86a2f000 	C:\Windows\System32\IMM32.DLL
0x00007ffa80aa0000 - 0x00007ffa80aac000 	c:\Users\longv\.cursor\extensions\redhat.java-1.55.0-win32-x64\jre\21.0.11-win32-x86_64\bin\vcruntime140_1.dll
0x00007ffa71110000 - 0x00007ffa7119d000 	c:\Users\longv\.cursor\extensions\redhat.java-1.55.0-win32-x64\jre\21.0.11-win32-x86_64\bin\msvcp140.dll
0x00007ff96f9d0000 - 0x00007ff970772000 	c:\Users\longv\.cursor\extensions\redhat.java-1.55.0-win32-x64\jre\21.0.11-win32-x86_64\bin\server\jvm.dll
0x00007ffa85cb0000 - 0x00007ffa85d61000 	C:\Windows\System32\ADVAPI32.dll
0x00007ffa86ba0000 - 0x00007ffa86c3f000 	C:\Windows\System32\sechost.dll
0x00007ffa870e0000 - 0x00007ffa87200000 	C:\Windows\System32\RPCRT4.dll
0x00007ffa85260000 - 0x00007ffa85287000 	C:\Windows\System32\bcrypt.dll
0x00007ffa86a30000 - 0x00007ffa86a9b000 	C:\Windows\System32\WS2_32.dll
0x00007ffa84fa0000 - 0x00007ffa84feb000 	C:\Windows\SYSTEM32\POWRPROF.dll
0x00007ffa77de0000 - 0x00007ffa77dea000 	C:\Windows\SYSTEM32\VERSION.dll
0x00007ffa78de0000 - 0x00007ffa78e07000 	C:\Windows\SYSTEM32\WINMM.dll
0x00007ffa84f80000 - 0x00007ffa84f92000 	C:\Windows\SYSTEM32\UMPDC.dll
0x00007ffa83a40000 - 0x00007ffa83a52000 	C:\Windows\SYSTEM32\kernel.appcore.dll
0x00007ffa773d0000 - 0x00007ffa773da000 	c:\Users\longv\.cursor\extensions\redhat.java-1.55.0-win32-x64\jre\21.0.11-win32-x86_64\bin\jimage.dll
0x00007ffa83060000 - 0x00007ffa83261000 	C:\Windows\SYSTEM32\DBGHELP.DLL
0x00007ffa5aef0000 - 0x00007ffa5af24000 	C:\Windows\SYSTEM32\dbgcore.DLL
0x00007ffa854c0000 - 0x00007ffa85542000 	C:\Windows\System32\bcryptPrimitives.dll
0x00007ffa77300000 - 0x00007ffa7730f000 	c:\Users\longv\.cursor\extensions\redhat.java-1.55.0-win32-x64\jre\21.0.11-win32-x86_64\bin\instrument.dll
0x00007ffa74a50000 - 0x00007ffa74a70000 	c:\Users\longv\.cursor\extensions\redhat.java-1.55.0-win32-x64\jre\21.0.11-win32-x86_64\bin\java.dll
0x00007ffa87420000 - 0x00007ffa87b90000 	C:\Windows\System32\SHELL32.dll
0x00007ffa83290000 - 0x00007ffa83a35000 	C:\Windows\SYSTEM32\windows.storage.dll
0x00007ffa86450000 - 0x00007ffa867a4000 	C:\Windows\System32\combase.dll
0x00007ffa84b50000 - 0x00007ffa84b7b000 	C:\Windows\SYSTEM32\Wldp.dll
0x00007ffa85f80000 - 0x00007ffa8604d000 	C:\Windows\System32\OLEAUT32.dll
0x00007ffa867b0000 - 0x00007ffa8685d000 	C:\Windows\System32\SHCORE.dll
0x00007ffa85d70000 - 0x00007ffa85dcb000 	C:\Windows\System32\shlwapi.dll
0x00007ffa85190000 - 0x00007ffa851b4000 	C:\Windows\SYSTEM32\profapi.dll
0x00007ffa74a30000 - 0x00007ffa74a48000 	c:\Users\longv\.cursor\extensions\redhat.java-1.55.0-win32-x64\jre\21.0.11-win32-x86_64\bin\zip.dll
0x00007ffa77250000 - 0x00007ffa77260000 	C:\Users\longv\.cursor\extensions\redhat.java-1.55.0-win32-x64\jre\21.0.11-win32-x86_64\bin\net.dll
0x00007ffa7daf0000 - 0x00007ffa7dbfa000 	C:\Windows\SYSTEM32\WINHTTP.dll
0x00007ffa848b0000 - 0x00007ffa8491a000 	C:\Windows\system32\mswsock.dll
0x00007ffa771d0000 - 0x00007ffa771e6000 	C:\Users\longv\.cursor\extensions\redhat.java-1.55.0-win32-x64\jre\21.0.11-win32-x86_64\bin\nio.dll
0x00007ffa74910000 - 0x00007ffa74920000 	c:\Users\longv\.cursor\extensions\redhat.java-1.55.0-win32-x64\jre\21.0.11-win32-x86_64\bin\verify.dll
0x00007ffa6fb80000 - 0x00007ffa6fbc5000 	C:\Users\longv\AppData\Roaming\Cursor\User\globalStorage\redhat.java\1.55.0\config_win\org.eclipse.equinox.launcher\org.eclipse.equinox.launcher.win32.win32.x86_64_1.3.100.v20260613-0559\eclipse_11924.dll
0x00007ffa85e50000 - 0x00007ffa85f7b000 	C:\Windows\System32\ole32.dll
0x00007ffa84a90000 - 0x00007ffa84aa8000 	C:\Windows\SYSTEM32\CRYPTSP.dll
0x00007ffa841f0000 - 0x00007ffa84228000 	C:\Windows\system32\rsaenh.dll
0x00007ffa85110000 - 0x00007ffa8513e000 	C:\Windows\SYSTEM32\USERENV.dll
0x00007ffa84a50000 - 0x00007ffa84a5c000 	C:\Windows\SYSTEM32\CRYPTBASE.dll
0x00007ffa845b0000 - 0x00007ffa845eb000 	C:\Windows\SYSTEM32\IPHLPAPI.DLL
0x00007ffa86b90000 - 0x00007ffa86b98000 	C:\Windows\System32\NSI.dll
0x00007ffa6f9d0000 - 0x00007ffa6fa19000 	C:\Users\longv\AppData\Local\Temp\jna-103156090\jna16942295265651254878.dll
0x00007ffa873f0000 - 0x00007ffa873f8000 	C:\Windows\System32\PSAPI.DLL
0x00007ffa7e950000 - 0x00007ffa7e967000 	C:\Windows\SYSTEM32\dhcpcsvc6.DLL
0x00007ffa7e930000 - 0x00007ffa7e94d000 	C:\Windows\SYSTEM32\dhcpcsvc.DLL

JVMTI agents:
c:\Users\longv\.cursor\extensions\redhat.java-1.55.0-win32-x64\lombok\lombok-1.18.39-4050.jar path:c:\Users\longv\.cursor\extensions\redhat.java-1.55.0-win32-x64\jre\21.0.11-win32-x86_64\bin\instrument.dll, loaded, initialized, instrumentlib options:none

dbghelp: loaded successfully - version: 4.0.5 - missing functions: none
symbol engine: initialized successfully - sym options: 0x614 - pdb path: .;c:\Users\longv\.cursor\extensions\redhat.java-1.55.0-win32-x64\jre\21.0.11-win32-x86_64\bin;C:\Windows\SYSTEM32;C:\Windows\WinSxS\amd64_microsoft.windows.common-controls_6595b64144ccf1df_6.0.19041.6456_none_60b8a6cb71f64256;c:\Users\longv\.cursor\extensions\redhat.java-1.55.0-win32-x64\jre\21.0.11-win32-x86_64\bin\server;C:\Users\longv\AppData\Roaming\Cursor\User\globalStorage\redhat.java\1.55.0\config_win\org.eclipse.equinox.launcher\org.eclipse.equinox.launcher.win32.win32.x86_64_1.3.100.v20260613-0559;C:\Users\longv\AppData\Local\Temp\jna-103156090

VM Arguments:
jvm_args: --add-modules=ALL-SYSTEM --add-opens=java.base/java.util=ALL-UNNAMED --add-opens=java.base/java.lang=ALL-UNNAMED --add-opens=java.base/sun.nio.fs=ALL-UNNAMED -Declipse.application=org.eclipse.jdt.ls.core.id1 -Dosgi.bundles.defaultStartLevel=4 -Declipse.product=org.eclipse.jdt.ls.core.product -Djava.import.generatesMetadataFilesAtProjectRoot=false -DDetectVMInstallationsJob.disabled=true -Dfile.encoding=utf8 -XX:+UseParallelGC -XX:GCTimeRatio=4 -XX:AdaptiveSizePolicyWeight=90 -Dsun.zip.disableMemoryMapping=true -Xmx2G -Xms100m -Xlog:disable -javaagent:c:\Users\longv\.cursor\extensions\redhat.java-1.55.0-win32-x64\lombok\lombok-1.18.39-4050.jar -XX:+HeapDumpOnOutOfMemoryError -XX:HeapDumpPath=c:\Users\longv\AppData\Roaming\Cursor\User\workspaceStorage\26bc639ebba54021f9c3c7bad135f42b\redhat.java -Daether.dependencyCollector.impl=bf 
java_command: c:\Users\longv\.cursor\extensions\redhat.java-1.55.0-win32-x64\server\plugins\org.eclipse.equinox.launcher_1.7.200.v20260619-2039.jar -configuration c:\Users\longv\AppData\Roaming\Cursor\User\globalStorage\redhat.java\1.55.0\config_win -data c:\Users\longv\AppData\Roaming\Cursor\User\workspaceStorage\26bc639ebba54021f9c3c7bad135f42b\redhat.java\jdt_ws --pipe=\\.\pipe\lsp-5846580821e61885248a9e439aa63f96-sock
java_class_path (initial): c:\Users\longv\.cursor\extensions\redhat.java-1.55.0-win32-x64\server\plugins\org.eclipse.equinox.launcher_1.7.200.v20260619-2039.jar
Launcher Type: SUN_STANDARD

[Global flags]
    uintx AdaptiveSizePolicyWeight                 = 90                                        {product} {command line}
     intx CICompilerCount                          = 4                                         {product} {ergonomic}
    uintx GCTimeRatio                              = 4                                         {product} {command line}
     bool HeapDumpOnOutOfMemoryError               = true                                   {manageable} {command line}
    ccstr HeapDumpPath                             = c:\Users\longv\AppData\Roaming\Cursor\User\workspaceStorage\26bc639ebba54021f9c3c7bad135f42b\redhat.java         {manageable} {command line}
   size_t InitialHeapSize                          = 104857600                                 {product} {command line}
   size_t MaxHeapSize                              = 2147483648                                {product} {command line}
   size_t MaxNewSize                               = 715653120                                 {product} {ergonomic}
   size_t MinHeapDeltaBytes                        = 524288                                    {product} {ergonomic}
   size_t MinHeapSize                              = 104857600                                 {product} {command line}
   size_t NewSize                                  = 34603008                                  {product} {ergonomic}
    uintx NonNMethodCodeHeapSize                   = 5839372                                {pd product} {ergonomic}
    uintx NonProfiledCodeHeapSize                  = 122909434                              {pd product} {ergonomic}
   size_t OldSize                                  = 70254592                                  {product} {ergonomic}
    uintx ProfiledCodeHeapSize                     = 122909434                              {pd product} {ergonomic}
    uintx ReservedCodeCacheSize                    = 251658240                              {pd product} {ergonomic}
     bool SegmentedCodeCache                       = true                                      {product} {ergonomic}
   size_t SoftMaxHeapSize                          = 2147483648                             {manageable} {ergonomic}
     bool UseCompressedOops                        = true                           {product lp64_product} {ergonomic}
     bool UseLargePagesIndividualAllocation        = false                                  {pd product} {ergonomic}
     bool UseParallelGC                            = true                                      {product} {command line}

Logging:
Log output configuration:
 #0: stdout all=off uptime,level,tags foldmultilines=false
 #1: stderr all=off uptime,level,tags foldmultilines=false

Release file:
JAVA_VERSION="21.0.11" 
MODULES="java.base java.compiler java.datatransfer java.xml java.prefs java.desktop java.instrument java.logging java.management java.security.sasl java.naming java.rmi java.management.rmi java.net.http java.scripting java.security.jgss java.transaction.xa java.sql java.sql.rowset java.xml.crypto java.se java.smartcardio jdk.accessibility jdk.internal.jvmstat jdk.attach jdk.charsets jdk.internal.opt jdk.zipfs jdk.compiler jdk.crypto.ec jdk.crypto.cryptoki jdk.crypto.mscapi jdk.dynalink jdk.internal.ed jdk.editpad jdk.hotspot.agent jdk.httpserver jdk.internal.le jdk.internal.vm.ci jdk.internal.vm.compiler jdk.internal.vm.compiler.management jdk.jartool jdk.javadoc jdk.jcmd jdk.management jdk.management.agent jdk.jconsole jdk.jdeps jdk.jdwp.agent jdk.jdi jdk.jfr jdk.jshell jdk.jsobject jdk.jstatd jdk.localedata jdk.management.jfr jdk.naming.dns jdk.naming.rmi jdk.net jdk.nio.mapmode jdk.random jdk.sctp jdk.security.auth jdk.security.jgss jdk.unsupported jdk.unsupported.desktop jdk.xml.dom" 

Environment Variables:
JAVA_HOME=C:\jdk-17.0.12
PATH=C:\Program Files (x86)\VMware\VMware Workstation\bin\;C:\Windows\system32;C:\Windows;C:\Windows\System32\Wbem;C:\Windows\System32\WindowsPowerShell\v1.0\;C:\Windows\System32\OpenSSH\;C:\Program Files\Tailscale\;C:\Program Files\Git\cmd;C:\DEV\apache-maven-3.9.12\bin;C:\jdk-17.0.12\bin;C:\Program Files\nodejs\;C:\Program Files\Cloudflare\Cloudflare WARP\;C:\Program Files\Docker\Docker\resources\bin;C:\Program Files\dotnet\;C:\Program Files (x86)\Microsoft SQL Server\170\Tools\Binn\;C:\Program Files\Microsoft SQL Server\170\Tools\Binn\;C:\Program Files\Microsoft SQL Server\Client SDK\ODBC\180\Tools\Binn\;C:\Program Files\Microsoft SQL Server\170\DTS\Binn\;C:\Users\longv\AppData\Local\Programs\Python\Python312\Scripts\;C:\Users\longv\AppData\Local\Programs\Python\Python312\;C:\Users\longv\AppData\Local\Programs\Python\Python315\Scripts\;C:\Users\longv\AppData\Local\Programs\Python\Python315\;C:\Users\longv\AppData\Local\Programs\Python\Launcher\;C:\Users\longv\AppData\Local\Microsoft\WindowsApps;C:\Users\longv\AppData\Local\Python\bin;C:\Users\longv\AppData\Local\Programs\Microsoft VS Code\bin;%IntelliJ IDEA%;C:\Users\longv\AppData\Local\Programs\cursor\resources\app\bin;C:\Users\longv\AppData\Roaming\npm;C:\Users\longv\AppData\Local\GitHubDesktop\bin;C:\Users\longv\bin;C:\Users\longv\bin;C:\Users\longv\AppData\Local\Programs\Antigravity\bin;C:\Users\longv\AppData\Local\Programs\Antigravity IDE\bin;C:\Users\longv\.dotnet\tools
USERNAME=longv
OS=Windows_NT
PROCESSOR_IDENTIFIER=Intel64 Family 6 Model 151 Stepping 2, GenuineIntel
TMP=C:\Users\longv\AppData\Local\Temp
TEMP=C:\Users\longv\AppData\Local\Temp




Periodic native trim disabled

---------------  S Y S T E M  ---------------

OS:
 Windows 10 , 64 bit Build 19041 (10.0.19041.5915)
OS uptime: 16 days 20:26 hours
Hyper-V role detected

CPU: total 12 (initial active 12) (6 cores per cpu, 2 threads per core) family 6 model 151 stepping 2 microcode 0x2e, cx8, cmov, fxsr, ht, mmx, 3dnowpref, sse, sse2, sse3, ssse3, sse4.1, sse4.2, popcnt, lzcnt, tsc, tscinvbit, avx, avx2, aes, erms, clmul, bmi1, bmi2, adx, sha, fma, vzeroupper, clflush, clflushopt, clwb, hv, rdtscp, rdpid, fsrm, f16c, cet_ibt, cet_ss
Processor Information for the first 12 processors :
  Max Mhz: 2500, Current Mhz: 2500, Mhz Limit: 2500

Memory: 4k page, system-wide physical 16215M (456M free)
TotalPageFile size 56869M (AvailPageFile size 3M)
current process WorkingSet (physical memory assigned to process): 361M, peak: 361M
current process commit charge ("private bytes"): 456M, peak: 456M

vm_info: OpenJDK 64-Bit Server VM (21.0.11+10-LTS) for windows-amd64 JRE (21.0.11+10-LTS), built on 2026-04-21T00:00:00Z by "admin" with MS VC++ 17.12 (VS2022)

END.
