#
# There is insufficient memory for the Java Runtime Environment to continue.
# Native memory allocation (malloc) failed to allocate 32744 bytes. Error detail: Chunk::new
# Possible reasons:
#   The system is out of physical RAM or swap space
#   This process is running with CompressedOops enabled, and the Java Heap may be blocking the growth of the native heap
# Possible solutions:
#   Reduce memory load on the system
#   Increase physical memory or swap space
#   Check if swap backing store is full
#   Decrease Java heap size (-Xmx/-Xms)
#   Decrease number of Java threads
#   Decrease Java thread stack sizes (-Xss)
#   Set larger code cache with -XX:ReservedCodeCacheSize=
#   JVM is running with Unscaled Compressed Oops mode in which the Java heap is
#     placed in the first 4GB address space. The Java Heap base address is the
#     maximum limit for the native heap growth. Please use -XX:HeapBaseMinAddress
#     to set the Java Heap base and to place the Java Heap above 4GB virtual address.
# This output file may be truncated or incomplete.
#
#  Out of Memory Error (arena.cpp:168), pid=30164, tid=7908
#
# JRE version: OpenJDK Runtime Environment Temurin-21.0.11+10 (21.0.11+10) (build 21.0.11+10-LTS)
# Java VM: OpenJDK 64-Bit Server VM Temurin-21.0.11+10 (21.0.11+10-LTS, mixed mode, sharing, tiered, compressed oops, compressed class ptrs, parallel gc, windows-amd64)
# No core dump will be written. Minidumps are not enabled by default on client versions of Windows
#

---------------  S U M M A R Y ------------

Command Line: --add-modules=ALL-SYSTEM --add-opens=java.base/java.util=ALL-UNNAMED --add-opens=java.base/java.lang=ALL-UNNAMED --add-opens=java.base/sun.nio.fs=ALL-UNNAMED -Declipse.application=org.eclipse.jdt.ls.core.id1 -Dosgi.bundles.defaultStartLevel=4 -Declipse.product=org.eclipse.jdt.ls.core.product -Djava.import.generatesMetadataFilesAtProjectRoot=false -DDetectVMInstallationsJob.disabled=true -Dfile.encoding=utf8 -XX:+UseParallelGC -XX:GCTimeRatio=4 -XX:AdaptiveSizePolicyWeight=90 -Dsun.zip.disableMemoryMapping=true -Xmx2G -Xms100m -Xlog:disable -javaagent:c:\Users\longv\.cursor\extensions\redhat.java-1.55.0-win32-x64\lombok\lombok-1.18.39-4050.jar -XX:+HeapDumpOnOutOfMemoryError -XX:HeapDumpPath=c:\Users\longv\AppData\Roaming\Cursor\User\workspaceStorage\26bc639ebba54021f9c3c7bad135f42b\redhat.java -Daether.dependencyCollector.impl=bf c:\Users\longv\.cursor\extensions\redhat.java-1.55.0-win32-x64\server\plugins\org.eclipse.equinox.launcher_1.7.200.v20260619-2039.jar -configuration c:\Users\longv\AppData\Roaming\Cursor\User\globalStorage\redhat.java\1.55.0\config_win -data c:\Users\longv\AppData\Roaming\Cursor\User\workspaceStorage\26bc639ebba54021f9c3c7bad135f42b\redhat.java\jdt_ws --pipe=\\.\pipe\lsp-20a4fe417a9e331b7a8454c5db6677ff-sock

Host: 12th Gen Intel(R) Core(TM) i5-12400F, 12 cores, 15G,  Windows 10 , 64 bit Build 19041 (10.0.19041.5915)
Time: Tue Jul  7 13:46:15 2026 SE Asia Standard Time elapsed time: 31.811078 seconds (0d 0h 0m 31s)

---------------  T H R E A D  ---------------

Current thread (0x0000021594168d30):  JavaThread "C2 CompilerThread0" daemon [_thread_in_native, id=7908, stack(0x00000039db400000,0x00000039db500000) (1024K)]


Current CompileTask:
C2:31811 15404       4       org.eclipse.jdt.internal.compiler.parser.Parser::consumeRule (7843 bytes)

Stack: [0x00000039db400000,0x00000039db500000]
Native frames: (J=compiled Java code, j=interpreted, Vv=VM code, C=native code)
V  [jvm.dll+0x6d7e19]
V  [jvm.dll+0x8b5096]
V  [jvm.dll+0x8b764e]
V  [jvm.dll+0x8b7d33]
V  [jvm.dll+0x284596]
V  [jvm.dll+0xc685d]
V  [jvm.dll+0xc6da1]
V  [jvm.dll+0x7038bd]
V  [jvm.dll+0x1e421a]
V  [jvm.dll+0x24c853]
V  [jvm.dll+0x24bce0]
V  [jvm.dll+0x1cb4ae]
V  [jvm.dll+0x25baad]
V  [jvm.dll+0x25a03a]
V  [jvm.dll+0x3f868e]
V  [jvm.dll+0x85fb0d]
V  [jvm.dll+0x6d664d]
C  [ucrtbase.dll+0x21bb2]
C  [KERNEL32.DLL+0x17374]
C  [ntdll.dll+0x4cc91]


---------------  P R O C E S S  ---------------

Threads class SMR info:
_java_thread_list=0x00000215ff4faa20, length=56, elements={
0x0000021591e742d0, 0x000002159415f3f0, 0x0000021594160d00, 0x0000021594162890,
0x00000215941637b0, 0x0000021594167490, 0x0000021594167ef0, 0x0000021594168d30,
0x00000215edafda60, 0x00000215edcfe670, 0x00000215ede648a0, 0x00000215f267d020,
0x00000215f2839a30, 0x00000215f2580fc0, 0x00000215f25a4bc0, 0x00000215f2f5a290,
0x00000215f2e7b280, 0x00000215f2e9b040, 0x00000215f2c1dd40, 0x00000215f2c1f0f0,
0x00000215f2c1fe10, 0x00000215f2c1c990, 0x00000215f2c1f780, 0x00000215f2c1d020,
0x00000215f2c1e3d0, 0x00000215f2c1d6b0, 0x00000215f48de3f0, 0x00000215f48e3fd0,
0x00000215f48e2c20, 0x00000215f48e4660, 0x00000215f48e4cf0, 0x00000215f48e1870,
0x00000215f48dea80, 0x00000215f48df110, 0x00000215f48df7a0, 0x00000215f48e2590,
0x00000215f48dfe30, 0x00000215f48ddd60, 0x00000215f48e04c0, 0x00000215f48e0b50,
0x00000215f48e32b0, 0x00000215f48e3940, 0x00000215f48e5380, 0x00000215f48e11e0,
0x00000215f48e1f00, 0x00000215f2c1ea60, 0x00000215f47d5bb0, 0x00000215f47d3450,
0x00000215f47d68d0, 0x00000215f47d6240, 0x00000215f47d6f60, 0x00000215f47d9030,
0x00000215f47d4800, 0x00000215f47d2730, 0x00000215f47d9d50, 0x00000215f47d4e90
}

Java Threads: ( => current thread )
  0x0000021591e742d0 JavaThread "main"                              [_thread_blocked, id=17848, stack(0x00000039daa00000,0x00000039dab00000) (1024K)]
  0x000002159415f3f0 JavaThread "Reference Handler"          daemon [_thread_blocked, id=14100, stack(0x00000039dae00000,0x00000039daf00000) (1024K)]
  0x0000021594160d00 JavaThread "Finalizer"                  daemon [_thread_blocked, id=3572, stack(0x00000039daf00000,0x00000039db000000) (1024K)]
  0x0000021594162890 JavaThread "Signal Dispatcher"          daemon [_thread_blocked, id=34268, stack(0x00000039db000000,0x00000039db100000) (1024K)]
  0x00000215941637b0 JavaThread "Attach Listener"            daemon [_thread_blocked, id=17336, stack(0x00000039db100000,0x00000039db200000) (1024K)]
  0x0000021594167490 JavaThread "Service Thread"             daemon [_thread_blocked, id=6492, stack(0x00000039db200000,0x00000039db300000) (1024K)]
  0x0000021594167ef0 JavaThread "Monitor Deflation Thread"   daemon [_thread_blocked, id=4308, stack(0x00000039db300000,0x00000039db400000) (1024K)]
=>0x0000021594168d30 JavaThread "C2 CompilerThread0"         daemon [_thread_in_native, id=7908, stack(0x00000039db400000,0x00000039db500000) (1024K)]
  0x00000215edafda60 JavaThread "C1 CompilerThread0"         daemon [_thread_blocked, id=11092, stack(0x00000039db500000,0x00000039db600000) (1024K)]
  0x00000215edcfe670 JavaThread "Common-Cleaner"             daemon [_thread_blocked, id=40300, stack(0x00000039db600000,0x00000039db700000) (1024K)]
  0x00000215ede648a0 JavaThread "Notification Thread"        daemon [_thread_blocked, id=29860, stack(0x00000039db700000,0x00000039db800000) (1024K)]
  0x00000215f267d020 JavaThread "Active Thread: Equinox Container: 514c93de-a5b9-44cf-a89a-73bb04b0e885"        [_thread_blocked, id=35164, stack(0x00000039db800000,0x00000039db900000) (1024K)]
  0x00000215f2839a30 JavaThread "Refresh Thread: Equinox Container: 514c93de-a5b9-44cf-a89a-73bb04b0e885" daemon [_thread_blocked, id=39920, stack(0x00000039dc000000,0x00000039dc100000) (1024K)]
  0x00000215f2580fc0 JavaThread "Framework Event Dispatcher: Equinox Container: 514c93de-a5b9-44cf-a89a-73bb04b0e885" daemon [_thread_blocked, id=26748, stack(0x00000039dbf00000,0x00000039dc000000) (1024K)]
  0x00000215f25a4bc0 JavaThread "Start Level: Equinox Container: 514c93de-a5b9-44cf-a89a-73bb04b0e885" daemon [_thread_blocked, id=14632, stack(0x00000039dc200000,0x00000039dc300000) (1024K)]
  0x00000215f2f5a290 JavaThread "Bundle File Closer"         daemon [_thread_blocked, id=16036, stack(0x00000039dc600000,0x00000039dc700000) (1024K)]
  0x00000215f2e7b280 JavaThread "SCR Component Actor"        daemon [_thread_blocked, id=37012, stack(0x00000039dc300000,0x00000039dc400000) (1024K)]
  0x00000215f2e9b040 JavaThread "Worker-JM"                         [_thread_blocked, id=17900, stack(0x00000039dc800000,0x00000039dc900000) (1024K)]
  0x00000215f2c1dd40 JavaThread "JNA Cleaner"                daemon [_thread_blocked, id=28272, stack(0x00000039dc900000,0x00000039dca00000) (1024K)]
  0x00000215f2c1f0f0 JavaThread "Worker-0"                          [_thread_blocked, id=18616, stack(0x00000039dca00000,0x00000039dcb00000) (1024K)]
  0x00000215f2c1fe10 JavaThread "Worker-1"                          [_thread_blocked, id=35712, stack(0x00000039dcb00000,0x00000039dcc00000) (1024K)]
  0x00000215f2c1c990 JavaThread "Worker-2"                          [_thread_blocked, id=16124, stack(0x00000039dcc00000,0x00000039dcd00000) (1024K)]
  0x00000215f2c1f780 JavaThread "Java indexing"              daemon [_thread_blocked, id=28320, stack(0x00000039dcd00000,0x00000039dce00000) (1024K)]
  0x00000215f2c1d020 JavaThread "Worker-3: Publish Diagnostics"        [_thread_in_Java, id=25508, stack(0x00000039dce00000,0x00000039dcf00000) (1024K)]
  0x00000215f2c1e3d0 JavaThread "Thread-1"                   daemon [_thread_in_native, id=16792, stack(0x00000039dcf00000,0x00000039dd000000) (1024K)]
  0x00000215f2c1d6b0 JavaThread "Thread-2"                   daemon [_thread_in_native, id=35096, stack(0x00000039dd000000,0x00000039dd100000) (1024K)]
  0x00000215f48de3f0 JavaThread "Thread-3"                   daemon [_thread_in_native, id=31368, stack(0x00000039dd100000,0x00000039dd200000) (1024K)]
  0x00000215f48e3fd0 JavaThread "Thread-4"                   daemon [_thread_in_native, id=20196, stack(0x00000039dd200000,0x00000039dd300000) (1024K)]
  0x00000215f48e2c20 JavaThread "Thread-5"                   daemon [_thread_in_native, id=22504, stack(0x00000039dd300000,0x00000039dd400000) (1024K)]
  0x00000215f48e4660 JavaThread "Thread-6"                   daemon [_thread_in_native, id=14068, stack(0x00000039dd400000,0x00000039dd500000) (1024K)]
  0x00000215f48e4cf0 JavaThread "Thread-7"                   daemon [_thread_in_native, id=20624, stack(0x00000039dd500000,0x00000039dd600000) (1024K)]
  0x00000215f48e1870 JavaThread "Thread-8"                   daemon [_thread_in_native, id=11708, stack(0x00000039dd600000,0x00000039dd700000) (1024K)]
  0x00000215f48dea80 JavaThread "Thread-9"                   daemon [_thread_in_native, id=780, stack(0x00000039dd700000,0x00000039dd800000) (1024K)]
  0x00000215f48df110 JavaThread "Thread-10"                  daemon [_thread_in_native, id=30320, stack(0x00000039dd800000,0x00000039dd900000) (1024K)]
  0x00000215f48df7a0 JavaThread "Thread-11"                  daemon [_thread_in_native, id=32308, stack(0x00000039dd900000,0x00000039dda00000) (1024K)]
  0x00000215f48e2590 JavaThread "Thread-12"                  daemon [_thread_in_native, id=25852, stack(0x00000039dda00000,0x00000039ddb00000) (1024K)]
  0x00000215f48dfe30 JavaThread "Thread-13"                  daemon [_thread_in_native, id=15688, stack(0x00000039ddb00000,0x00000039ddc00000) (1024K)]
  0x00000215f48ddd60 JavaThread "pool-2-thread-1"                   [_thread_blocked, id=5136, stack(0x00000039ddc00000,0x00000039ddd00000) (1024K)]
  0x00000215f48e04c0 JavaThread "WorkspaceEventsHandler"            [_thread_blocked, id=28980, stack(0x00000039ddd00000,0x00000039dde00000) (1024K)]
  0x00000215f48e0b50 JavaThread "pool-1-thread-1"                   [_thread_blocked, id=22040, stack(0x00000039dde00000,0x00000039ddf00000) (1024K)]
  0x00000215f48e32b0 JavaThread "PatternSearchJob-worker-1"  daemon [_thread_blocked, id=37068, stack(0x00000039ddf00000,0x00000039de000000) (1024K)]
  0x00000215f48e3940 JavaThread "PatternSearchJob-worker-2"  daemon [_thread_blocked, id=10148, stack(0x00000039de000000,0x00000039de100000) (1024K)]
  0x00000215f48e5380 JavaThread "PatternSearchJob-worker-3"  daemon [_thread_blocked, id=37916, stack(0x00000039de100000,0x00000039de200000) (1024K)]
  0x00000215f48e11e0 JavaThread "PatternSearchJob-worker-4"  daemon [_thread_blocked, id=13684, stack(0x00000039de200000,0x00000039de300000) (1024K)]
  0x00000215f48e1f00 JavaThread "PatternSearchJob-worker-5"  daemon [_thread_blocked, id=18788, stack(0x00000039de300000,0x00000039de400000) (1024K)]
  0x00000215f2c1ea60 JavaThread "PatternSearchJob-worker-6"  daemon [_thread_blocked, id=27244, stack(0x00000039de400000,0x00000039de500000) (1024K)]
  0x00000215f47d5bb0 JavaThread "PatternSearchJob-worker-7"  daemon [_thread_blocked, id=39560, stack(0x00000039de500000,0x00000039de600000) (1024K)]
  0x00000215f47d3450 JavaThread "PatternSearchJob-worker-8"  daemon [_thread_blocked, id=5784, stack(0x00000039de600000,0x00000039de700000) (1024K)]
  0x00000215f47d68d0 JavaThread "PatternSearchJob-worker-10" daemon [_thread_blocked, id=8740, stack(0x00000039de700000,0x00000039de800000) (1024K)]
  0x00000215f47d6240 JavaThread "PatternSearchJob-worker-9"  daemon [_thread_blocked, id=7980, stack(0x00000039de800000,0x00000039de900000) (1024K)]
  0x00000215f47d6f60 JavaThread "PatternSearchJob-worker-11" daemon [_thread_blocked, id=27604, stack(0x00000039de900000,0x00000039dea00000) (1024K)]
  0x00000215f47d9030 JavaThread "ForkJoinPool.commonPool-worker-1" daemon [_thread_blocked, id=25364, stack(0x00000039dea00000,0x00000039deb00000) (1024K)]
  0x00000215f47d4800 JavaThread "ForkJoinPool.commonPool-worker-2" daemon [_thread_blocked, id=40472, stack(0x00000039deb00000,0x00000039dec00000) (1024K)]
  0x00000215f47d2730 JavaThread "ForkJoinPool.commonPool-worker-3" daemon [_thread_blocked, id=33152, stack(0x00000039dec00000,0x00000039ded00000) (1024K)]
  0x00000215f47d9d50 JavaThread "ForkJoinPool.commonPool-worker-4" daemon [_thread_blocked, id=16864, stack(0x00000039ded00000,0x00000039dee00000) (1024K)]
  0x00000215f47d4e90 JavaThread "ForkJoinPool.commonPool-worker-5" daemon [_thread_blocked, id=26632, stack(0x00000039dee00000,0x00000039def00000) (1024K)]
Total: 56

Other Threads:
  0x0000021594271b90 VMThread "VM Thread"                           [id=37164, stack(0x00000039dad00000,0x00000039dae00000) (1024K)]
  0x000002159421aba0 WatcherThread "VM Periodic Task Thread"        [id=5544, stack(0x00000039dac00000,0x00000039dad00000) (1024K)]
  0x00000215941cf570 WorkerThread "GC Thread#0"                     [id=33936, stack(0x00000039dab00000,0x00000039dac00000) (1024K)]
  0x00000215f2513140 WorkerThread "GC Thread#1"                     [id=9080, stack(0x00000039db900000,0x00000039dba00000) (1024K)]
  0x00000215f23b95c0 WorkerThread "GC Thread#2"                     [id=7984, stack(0x00000039dba00000,0x00000039dbb00000) (1024K)]
  0x00000215f239f980 WorkerThread "GC Thread#3"                     [id=40748, stack(0x00000039dbb00000,0x00000039dbc00000) (1024K)]
  0x00000215f239fd30 WorkerThread "GC Thread#4"                     [id=2008, stack(0x00000039dbc00000,0x00000039dbd00000) (1024K)]
  0x00000215f23a00e0 WorkerThread "GC Thread#5"                     [id=38432, stack(0x00000039dbd00000,0x00000039dbe00000) (1024K)]
  0x00000215f23a0490 WorkerThread "GC Thread#6"                     [id=17752, stack(0x00000039dbe00000,0x00000039dbf00000) (1024K)]
  0x00000215f283a0a0 WorkerThread "GC Thread#7"                     [id=39832, stack(0x00000039dc100000,0x00000039dc200000) (1024K)]
  0x00000215f2dc6bc0 WorkerThread "GC Thread#8"                     [id=30488, stack(0x00000039dc400000,0x00000039dc500000) (1024K)]
  0x00000215f2a1ee40 WorkerThread "GC Thread#9"                     [id=36232, stack(0x00000039dc500000,0x00000039dc600000) (1024K)]
Total: 12

Threads with active compile tasks:
C2 CompilerThread0  31844 15404       4       org.eclipse.jdt.internal.compiler.parser.Parser::consumeRule (7843 bytes)
Total: 1

VM state: not at safepoint (normal execution)

VM Mutex/Monitor currently owned by a thread: None

Heap address: 0x0000000080000000, size: 2048 MB, Compressed Oops mode: 32-bit

CDS archive(s) mapped at: [0x00000215ab000000-0x00000215abba0000-0x00000215abba0000), size 12189696, SharedBaseAddress: 0x00000215ab000000, ArchiveRelocationMode: 1.
Compressed class space mapped at: 0x00000215ac000000-0x00000215ec000000, reserved size: 1073741824
Narrow klass base: 0x00000215ab000000, Narrow klass shift: 0, Narrow klass range: 0x100000000

GC Precious Log:
 CardTable entry size: 512
 CPUs: 12 total, 12 available
 Memory: 16215M
 Large Page Support: Disabled
 NUMA Support: Disabled
 Compressed Oops: Enabled (32-bit)
 Alignments: Space 512K, Generation 512K, Heap 2M
 Heap Min Capacity: 100M
 Heap Initial Capacity: 100M
 Heap Max Capacity: 2G
 Pre-touch: Disabled
 Parallel Workers: 10

Heap:
 PSYoungGen      total 2560K, used 2104K [0x00000000d5580000, 0x00000000d5880000, 0x0000000100000000)
  eden space 2048K, 90% used [0x00000000d5580000,0x00000000d574e010,0x00000000d5780000)
  from space 512K, 50% used [0x00000000d5780000,0x00000000d57c0020,0x00000000d5800000)
  to   space 512K, 0% used [0x00000000d5800000,0x00000000d5800000,0x00000000d5880000)
 ParOldGen       total 152064K, used 151611K [0x0000000080000000, 0x0000000089480000, 0x00000000d5580000)
  object space 152064K, 99% used [0x0000000080000000,0x000000008940ec10,0x0000000089480000)
 Metaspace       used 66557K, committed 67968K, reserved 1114112K
  class space    used 6750K, committed 7360K, reserved 1048576K

Card table byte_map: [0x0000021593b60000,0x0000021593f70000] _byte_map_base: 0x0000021593760000

Marking Bits: (ParMarkBitMap*) 0x00007ff970694460
 Begin Bits: [0x00000215a6670000, 0x00000215a8670000)
 End Bits:   [0x00000215a8670000, 0x00000215aa670000)

Polling page: 0x0000021592050000

Metaspace:

Usage:
  Non-class:     58.40 MB used.
      Class:      6.59 MB used.
       Both:     65.00 MB used.

Virtual space:
  Non-class space:       64.00 MB reserved,      59.19 MB ( 92%) committed,  1 nodes.
      Class space:        1.00 GB reserved,       7.19 MB ( <1%) committed,  1 nodes.
             Both:        1.06 GB reserved,      66.38 MB (  6%) committed. 

Chunk freelists:
   Non-Class:  4.14 MB
       Class:  8.63 MB
        Both:  12.77 MB

MaxMetaspaceSize: unlimited
CompressedClassSpaceSize: 1.00 GB
Initial GC threshold: 21.00 MB
Current GC threshold: 97.31 MB
CDS: on
 - commit_granule_bytes: 65536.
 - commit_granule_words: 8192.
 - virtual_space_node_default_size: 8388608.
 - enlarge_chunks_in_place: 1.
 - use_allocation_guard: 0.


Internal statistics:

num_allocs_failed_limit: 9.
num_arena_births: 1332.
num_arena_deaths: 14.
num_vsnodes_births: 2.
num_vsnodes_deaths: 0.
num_space_committed: 1062.
num_space_uncommitted: 0.
num_chunks_returned_to_freelist: 23.
num_chunks_taken_from_freelist: 4509.
num_chunk_merges: 10.
num_chunk_splits: 2795.
num_chunks_enlarged: 1598.
num_inconsistent_stats: 0.

CodeHeap 'non-profiled nmethods': size=120000Kb used=11941Kb max_used=11941Kb free=108058Kb
 bounds [0x000002159ee90000, 0x000002159fa40000, 0x00000215a63c0000]
CodeHeap 'profiled nmethods': size=120000Kb used=35176Kb max_used=35176Kb free=84823Kb
 bounds [0x00000215973c0000, 0x0000021599620000, 0x000002159e8f0000]
CodeHeap 'non-nmethods': size=5760Kb used=1421Kb max_used=1546Kb free=4338Kb
 bounds [0x000002159e8f0000, 0x000002159eb60000, 0x000002159ee90000]
CodeCache: size=245760Kb, used=48538Kb, max_used=48663Kb, free=197219Kb
 total_blobs=15207, nmethods=14474, adapters=637, full_count=0
Compilation: enabled, stopped_count=0, restarted_count=0

Compilation events (20 events):
Event: 31.681 Thread 0x00000215edafda60 nmethod 15409 0x00000215995e3590 code [0x00000215995e3760, 0x00000215995e3a38]
Event: 31.697 Thread 0x00000215edafda60 15410       2       java.util.TimSort::countRunAndMakeAscending (128 bytes)
Event: 31.698 Thread 0x00000215edafda60 nmethod 15410 0x00000215995e3c10 code [0x00000215995e3e00, 0x00000215995e4208]
Event: 31.704 Thread 0x00000215edafda60 15412       3       org.eclipse.jdt.internal.compiler.lookup.ParameterizedTypeBinding::uncapture (106 bytes)
Event: 31.705 Thread 0x00000215edafda60 nmethod 15412 0x00000215995e4490 code [0x00000215995e46c0, 0x00000215995e4f80]
Event: 31.706 Thread 0x00000215edafda60 15413       3       org.eclipse.jdt.internal.compiler.codegen.CharArrayCache::<init> (29 bytes)
Event: 31.706 Thread 0x00000215edafda60 nmethod 15413 0x00000215995e5290 code [0x00000215995e5440, 0x00000215995e55f8]
Event: 31.708 Thread 0x00000215edafda60 15414       3       org.eclipse.jdt.internal.compiler.ClassFile::traverse (7238 bytes)
Event: 31.709 Thread 0x0000021594168d30 nmethod 15381 0x000002159fa31390 code [0x000002159fa31960, 0x000002159fa35a58]
Event: 31.709 Thread 0x0000021594168d30 15404       4       org.eclipse.jdt.internal.compiler.parser.Parser::consumeRule (7843 bytes)
Event: 31.741 Thread 0x00000215edafda60 nmethod 15414 0x00000215995e5690 code [0x00000215995e79e0, 0x00000215995ff290]
Event: 31.765 Thread 0x00000215edafda60 15415       3       org.eclipse.jdt.internal.core.JavaElementDeltaBuilder::insertPositions (119 bytes)
Event: 31.766 Thread 0x00000215edafda60 nmethod 15415 0x0000021599609d90 code [0x0000021599609fa0, 0x000002159960a758]
Event: 31.772 Thread 0x00000215edafda60 15416       3       org.eclipse.jdt.internal.core.JavaModelStatus::<init> (14 bytes)
Event: 31.773 Thread 0x00000215edafda60 nmethod 15416 0x000002159960aa90 code [0x000002159960ac40, 0x000002159960af60]
Event: 31.773 Thread 0x00000215edafda60 15417       3       org.eclipse.jdt.internal.core.JavaModelStatus::<init> (37 bytes)
Event: 31.773 Thread 0x00000215edafda60 nmethod 15417 0x000002159960b090 code [0x000002159960b240, 0x000002159960b4b0]
Event: 31.783 Thread 0x00000215edafda60 15419       3       org.eclipse.jdt.internal.compiler.parser.Parser::consumeClassBodyDeclarations (5 bytes)
Event: 31.784 Thread 0x00000215edafda60 nmethod 15419 0x000002159960b590 code [0x000002159960b740, 0x000002159960b900]
Event: 31.796 Thread 0x00000215edafda60 15420       3       lombok.eclipse.handlers.HandleToString::createToString (1412 bytes)

GC Heap History (20 events):
Event: 31.577 GC heap before
{Heap before GC invocations=303 (full 3):
 PSYoungGen      total 2048K, used 1824K [0x00000000d5580000, 0x00000000d5880000, 0x0000000100000000)
  eden space 1536K, 100% used [0x00000000d5580000,0x00000000d5700000,0x00000000d5700000)
  from space 512K, 56% used [0x00000000d5780000,0x00000000d57c8000,0x00000000d5800000)
  to   space 512K, 0% used [0x00000000d5800000,0x00000000d5800000,0x00000000d5880000)
 ParOldGen       total 149504K, used 148992K [0x0000000080000000, 0x0000000089200000, 0x00000000d5580000)
  object space 149504K, 99% used [0x0000000080000000,0x0000000089180388,0x0000000089200000)
 Metaspace       used 66532K, committed 67968K, reserved 1114112K
  class space    used 6749K, committed 7360K, reserved 1048576K
}
Event: 31.579 GC heap after
{Heap after GC invocations=303 (full 3):
 PSYoungGen      total 2048K, used 416K [0x00000000d5580000, 0x00000000d5880000, 0x0000000100000000)
  eden space 1536K, 0% used [0x00000000d5580000,0x00000000d5580000,0x00000000d5700000)
  from space 512K, 81% used [0x00000000d5800000,0x00000000d5868000,0x00000000d5880000)
  to   space 512K, 0% used [0x00000000d5780000,0x00000000d5780000,0x00000000d5800000)
 ParOldGen       total 149504K, used 149120K [0x0000000080000000, 0x0000000089200000, 0x00000000d5580000)
  object space 149504K, 99% used [0x0000000080000000,0x00000000891a03a8,0x0000000089200000)
 Metaspace       used 66532K, committed 67968K, reserved 1114112K
  class space    used 6749K, committed 7360K, reserved 1048576K
}
Event: 31.614 GC heap before
{Heap before GC invocations=304 (full 3):
 PSYoungGen      total 2048K, used 1952K [0x00000000d5580000, 0x00000000d5880000, 0x0000000100000000)
  eden space 1536K, 100% used [0x00000000d5580000,0x00000000d5700000,0x00000000d5700000)
  from space 512K, 81% used [0x00000000d5800000,0x00000000d5868000,0x00000000d5880000)
  to   space 512K, 0% used [0x00000000d5780000,0x00000000d5780000,0x00000000d5800000)
 ParOldGen       total 149504K, used 149120K [0x0000000080000000, 0x0000000089200000, 0x00000000d5580000)
  object space 149504K, 99% used [0x0000000080000000,0x00000000891a03a8,0x0000000089200000)
 Metaspace       used 66536K, committed 67968K, reserved 1114112K
  class space    used 6749K, committed 7360K, reserved 1048576K
}
Event: 31.615 GC heap after
{Heap after GC invocations=304 (full 3):
 PSYoungGen      total 2048K, used 474K [0x00000000d5580000, 0x00000000d5880000, 0x0000000100000000)
  eden space 1536K, 0% used [0x00000000d5580000,0x00000000d5580000,0x00000000d5700000)
  from space 512K, 92% used [0x00000000d5780000,0x00000000d57f6900,0x00000000d5800000)
  to   space 512K, 0% used [0x00000000d5800000,0x00000000d5800000,0x00000000d5880000)
 ParOldGen       total 149504K, used 149384K [0x0000000080000000, 0x0000000089200000, 0x00000000d5580000)
  object space 149504K, 99% used [0x0000000080000000,0x00000000891e23a8,0x0000000089200000)
 Metaspace       used 66536K, committed 67968K, reserved 1114112K
  class space    used 6749K, committed 7360K, reserved 1048576K
}
Event: 31.641 GC heap before
{Heap before GC invocations=305 (full 3):
 PSYoungGen      total 2048K, used 2010K [0x00000000d5580000, 0x00000000d5880000, 0x0000000100000000)
  eden space 1536K, 100% used [0x00000000d5580000,0x00000000d5700000,0x00000000d5700000)
  from space 512K, 92% used [0x00000000d5780000,0x00000000d57f6900,0x00000000d5800000)
  to   space 512K, 0% used [0x00000000d5800000,0x00000000d5800000,0x00000000d5880000)
 ParOldGen       total 149504K, used 149384K [0x0000000080000000, 0x0000000089200000, 0x00000000d5580000)
  object space 149504K, 99% used [0x0000000080000000,0x00000000891e23a8,0x0000000089200000)
 Metaspace       used 66540K, committed 67968K, reserved 1114112K
  class space    used 6750K, committed 7360K, reserved 1048576K
}
Event: 31.643 GC heap after
{Heap after GC invocations=305 (full 3):
 PSYoungGen      total 2048K, used 483K [0x00000000d5580000, 0x00000000d5900000, 0x0000000100000000)
  eden space 1536K, 0% used [0x00000000d5580000,0x00000000d5580000,0x00000000d5700000)
  from space 512K, 94% used [0x00000000d5800000,0x00000000d5878eb0,0x00000000d5880000)
  to   space 1024K, 0% used [0x00000000d5700000,0x00000000d5700000,0x00000000d5800000)
 ParOldGen       total 150016K, used 149795K [0x0000000080000000, 0x0000000089280000, 0x00000000d5580000)
  object space 150016K, 99% used [0x0000000080000000,0x0000000089248f88,0x0000000089280000)
 Metaspace       used 66540K, committed 67968K, reserved 1114112K
  class space    used 6750K, committed 7360K, reserved 1048576K
}
Event: 31.675 GC heap before
{Heap before GC invocations=306 (full 3):
 PSYoungGen      total 2048K, used 2019K [0x00000000d5580000, 0x00000000d5900000, 0x0000000100000000)
  eden space 1536K, 100% used [0x00000000d5580000,0x00000000d5700000,0x00000000d5700000)
  from space 512K, 94% used [0x00000000d5800000,0x00000000d5878eb0,0x00000000d5880000)
  to   space 1024K, 0% used [0x00000000d5700000,0x00000000d5700000,0x00000000d5800000)
 ParOldGen       total 150016K, used 149795K [0x0000000080000000, 0x0000000089280000, 0x00000000d5580000)
  object space 150016K, 99% used [0x0000000080000000,0x0000000089248f88,0x0000000089280000)
 Metaspace       used 66541K, committed 67968K, reserved 1114112K
  class space    used 6750K, committed 7360K, reserved 1048576K
}
Event: 31.677 GC heap after
{Heap after GC invocations=306 (full 3):
 PSYoungGen      total 2560K, used 564K [0x00000000d5580000, 0x00000000d5900000, 0x0000000100000000)
  eden space 1536K, 0% used [0x00000000d5580000,0x00000000d5580000,0x00000000d5700000)
  from space 1024K, 55% used [0x00000000d5700000,0x00000000d578d200,0x00000000d5800000)
  to   space 1024K, 0% used [0x00000000d5800000,0x00000000d5800000,0x00000000d5900000)
 ParOldGen       total 150528K, used 150283K [0x0000000080000000, 0x0000000089300000, 0x00000000d5580000)
  object space 150528K, 99% used [0x0000000080000000,0x00000000892c2e20,0x0000000089300000)
 Metaspace       used 66541K, committed 67968K, reserved 1114112K
  class space    used 6750K, committed 7360K, reserved 1048576K
}
Event: 31.693 GC heap before
{Heap before GC invocations=307 (full 3):
 PSYoungGen      total 2560K, used 2100K [0x00000000d5580000, 0x00000000d5900000, 0x0000000100000000)
  eden space 1536K, 100% used [0x00000000d5580000,0x00000000d5700000,0x00000000d5700000)
  from space 1024K, 55% used [0x00000000d5700000,0x00000000d578d200,0x00000000d5800000)
  to   space 1024K, 0% used [0x00000000d5800000,0x00000000d5800000,0x00000000d5900000)
 ParOldGen       total 150528K, used 150283K [0x0000000080000000, 0x0000000089300000, 0x00000000d5580000)
  object space 150528K, 99% used [0x0000000080000000,0x00000000892c2e20,0x0000000089300000)
 Metaspace       used 66541K, committed 67968K, reserved 1114112K
  class space    used 6750K, committed 7360K, reserved 1048576K
}
Event: 31.694 GC heap after
{Heap after GC invocations=307 (full 3):
 PSYoungGen      total 2560K, used 560K [0x00000000d5580000, 0x00000000d5900000, 0x0000000100000000)
  eden space 1536K, 0% used [0x00000000d5580000,0x00000000d5580000,0x00000000d5700000)
  from space 1024K, 54% used [0x00000000d5800000,0x00000000d588c010,0x00000000d5900000)
  to   space 1024K, 0% used [0x00000000d5700000,0x00000000d5700000,0x00000000d5800000)
 ParOldGen       total 151040K, used 150624K [0x0000000080000000, 0x0000000089380000, 0x00000000d5580000)
  object space 151040K, 99% used [0x0000000080000000,0x0000000089318020,0x0000000089380000)
 Metaspace       used 66541K, committed 67968K, reserved 1114112K
  class space    used 6750K, committed 7360K, reserved 1048576K
}
Event: 31.769 GC heap before
{Heap before GC invocations=308 (full 3):
 PSYoungGen      total 2560K, used 2096K [0x00000000d5580000, 0x00000000d5900000, 0x0000000100000000)
  eden space 1536K, 100% used [0x00000000d5580000,0x00000000d5700000,0x00000000d5700000)
  from space 1024K, 54% used [0x00000000d5800000,0x00000000d588c010,0x00000000d5900000)
  to   space 1024K, 0% used [0x00000000d5700000,0x00000000d5700000,0x00000000d5800000)
 ParOldGen       total 151040K, used 150624K [0x0000000080000000, 0x0000000089380000, 0x00000000d5580000)
  object space 151040K, 99% used [0x0000000080000000,0x0000000089318020,0x0000000089380000)
 Metaspace       used 66556K, committed 67968K, reserved 1114112K
  class space    used 6750K, committed 7360K, reserved 1048576K
}
Event: 31.771 GC heap after
{Heap after GC invocations=308 (full 3):
 PSYoungGen      total 2560K, used 224K [0x00000000d5580000, 0x00000000d5880000, 0x0000000100000000)
  eden space 1536K, 0% used [0x00000000d5580000,0x00000000d5580000,0x00000000d5700000)
  from space 1024K, 21% used [0x00000000d5700000,0x00000000d5738000,0x00000000d5800000)
  to   space 512K, 0% used [0x00000000d5800000,0x00000000d5800000,0x00000000d5880000)
 ParOldGen       total 151040K, used 150678K [0x0000000080000000, 0x0000000089380000, 0x00000000d5580000)
  object space 151040K, 99% used [0x0000000080000000,0x00000000893259f0,0x0000000089380000)
 Metaspace       used 66556K, committed 67968K, reserved 1114112K
  class space    used 6750K, committed 7360K, reserved 1048576K
}
Event: 31.786 GC heap before
{Heap before GC invocations=309 (full 3):
 PSYoungGen      total 2560K, used 1760K [0x00000000d5580000, 0x00000000d5880000, 0x0000000100000000)
  eden space 1536K, 100% used [0x00000000d5580000,0x00000000d5700000,0x00000000d5700000)
  from space 1024K, 21% used [0x00000000d5700000,0x00000000d5738000,0x00000000d5800000)
  to   space 512K, 0% used [0x00000000d5800000,0x00000000d5800000,0x00000000d5880000)
 ParOldGen       total 151040K, used 150678K [0x0000000080000000, 0x0000000089380000, 0x00000000d5580000)
  object space 151040K, 99% used [0x0000000080000000,0x00000000893259f0,0x0000000089380000)
 Metaspace       used 66557K, committed 67968K, reserved 1114112K
  class space    used 6750K, committed 7360K, reserved 1048576K
}
Event: 31.788 GC heap after
{Heap after GC invocations=309 (full 3):
 PSYoungGen      total 2048K, used 512K [0x00000000d5580000, 0x00000000d5900000, 0x0000000100000000)
  eden space 1536K, 0% used [0x00000000d5580000,0x00000000d5580000,0x00000000d5700000)
  from space 512K, 100% used [0x00000000d5800000,0x00000000d5880000,0x00000000d5880000)
  to   space 1024K, 0% used [0x00000000d5700000,0x00000000d5700000,0x00000000d5800000)
 ParOldGen       total 151040K, used 150818K [0x0000000080000000, 0x0000000089380000, 0x00000000d5580000)
  object space 151040K, 99% used [0x0000000080000000,0x0000000089348bf0,0x0000000089380000)
 Metaspace       used 66557K, committed 67968K, reserved 1114112K
  class space    used 6750K, committed 7360K, reserved 1048576K
}
Event: 31.793 GC heap before
{Heap before GC invocations=310 (full 3):
 PSYoungGen      total 2048K, used 2048K [0x00000000d5580000, 0x00000000d5900000, 0x0000000100000000)
  eden space 1536K, 100% used [0x00000000d5580000,0x00000000d5700000,0x00000000d5700000)
  from space 512K, 100% used [0x00000000d5800000,0x00000000d5880000,0x00000000d5880000)
  to   space 1024K, 0% used [0x00000000d5700000,0x00000000d5700000,0x00000000d5800000)
 ParOldGen       total 151040K, used 150818K [0x0000000080000000, 0x0000000089380000, 0x00000000d5580000)
  object space 151040K, 99% used [0x0000000080000000,0x0000000089348bf0,0x0000000089380000)
 Metaspace       used 66557K, committed 67968K, reserved 1114112K
  class space    used 6750K, committed 7360K, reserved 1048576K
}
Event: 31.794 GC heap after
{Heap after GC invocations=310 (full 3):
 PSYoungGen      total 2560K, used 288K [0x00000000d5580000, 0x00000000d5880000, 0x0000000100000000)
  eden space 1536K, 0% used [0x00000000d5580000,0x00000000d5580000,0x00000000d5700000)
  from space 1024K, 28% used [0x00000000d5700000,0x00000000d5748000,0x00000000d5800000)
  to   space 512K, 0% used [0x00000000d5800000,0x00000000d5800000,0x00000000d5880000)
 ParOldGen       total 151552K, used 151323K [0x0000000080000000, 0x0000000089400000, 0x00000000d5580000)
  object space 151552K, 99% used [0x0000000080000000,0x00000000893c6c10,0x0000000089400000)
 Metaspace       used 66557K, committed 67968K, reserved 1114112K
  class space    used 6750K, committed 7360K, reserved 1048576K
}
Event: 31.797 GC heap before
{Heap before GC invocations=311 (full 3):
 PSYoungGen      total 2560K, used 1824K [0x00000000d5580000, 0x00000000d5880000, 0x0000000100000000)
  eden space 1536K, 100% used [0x00000000d5580000,0x00000000d5700000,0x00000000d5700000)
  from space 1024K, 28% used [0x00000000d5700000,0x00000000d5748000,0x00000000d5800000)
  to   space 512K, 0% used [0x00000000d5800000,0x00000000d5800000,0x00000000d5880000)
 ParOldGen       total 151552K, used 151323K [0x0000000080000000, 0x0000000089400000, 0x00000000d5580000)
  object space 151552K, 99% used [0x0000000080000000,0x00000000893c6c10,0x0000000089400000)
 Metaspace       used 66557K, committed 67968K, reserved 1114112K
  class space    used 6750K, committed 7360K, reserved 1048576K
}
Event: 31.798 GC heap after
{Heap after GC invocations=311 (full 3):
 PSYoungGen      total 2048K, used 304K [0x00000000d5580000, 0x00000000d5880000, 0x0000000100000000)
  eden space 1536K, 0% used [0x00000000d5580000,0x00000000d5580000,0x00000000d5700000)
  from space 512K, 59% used [0x00000000d5800000,0x00000000d584c010,0x00000000d5880000)
  to   space 512K, 0% used [0x00000000d5780000,0x00000000d5780000,0x00000000d5800000)
 ParOldGen       total 151552K, used 151435K [0x0000000080000000, 0x0000000089400000, 0x00000000d5580000)
  object space 151552K, 99% used [0x0000000080000000,0x00000000893e2c10,0x0000000089400000)
 Metaspace       used 66557K, committed 67968K, reserved 1114112K
  class space    used 6750K, committed 7360K, reserved 1048576K
}
Event: 31.800 GC heap before
{Heap before GC invocations=312 (full 3):
 PSYoungGen      total 2048K, used 1840K [0x00000000d5580000, 0x00000000d5880000, 0x0000000100000000)
  eden space 1536K, 100% used [0x00000000d5580000,0x00000000d5700000,0x00000000d5700000)
  from space 512K, 59% used [0x00000000d5800000,0x00000000d584c010,0x00000000d5880000)
  to   space 512K, 0% used [0x00000000d5780000,0x00000000d5780000,0x00000000d5800000)
 ParOldGen       total 151552K, used 151435K [0x0000000080000000, 0x0000000089400000, 0x00000000d5580000)
  object space 151552K, 99% used [0x0000000080000000,0x00000000893e2c10,0x0000000089400000)
 Metaspace       used 66557K, committed 67968K, reserved 1114112K
  class space    used 6750K, committed 7360K, reserved 1048576K
}
Event: 31.802 GC heap after
{Heap after GC invocations=312 (full 3):
 PSYoungGen      total 2560K, used 256K [0x00000000d5580000, 0x00000000d5880000, 0x0000000100000000)
  eden space 2048K, 0% used [0x00000000d5580000,0x00000000d5580000,0x00000000d5780000)
  from space 512K, 50% used [0x00000000d5780000,0x00000000d57c0020,0x00000000d5800000)
  to   space 512K, 0% used [0x00000000d5800000,0x00000000d5800000,0x00000000d5880000)
 ParOldGen       total 152064K, used 151611K [0x0000000080000000, 0x0000000089480000, 0x00000000d5580000)
  object space 152064K, 99% used [0x0000000080000000,0x000000008940ec10,0x0000000089480000)
 Metaspace       used 66557K, committed 67968K, reserved 1114112K
  class space    used 6750K, committed 7360K, reserved 1048576K
}

Dll operation events (10 events):
Event: 0.029 Loaded shared library c:\Users\longv\.cursor\extensions\redhat.java-1.55.0-win32-x64\jre\21.0.11-win32-x86_64\bin\java.dll
Event: 0.459 Loaded shared library c:\Users\longv\.cursor\extensions\redhat.java-1.55.0-win32-x64\jre\21.0.11-win32-x86_64\bin\zip.dll
Event: 0.483 Loaded shared library C:\Users\longv\.cursor\extensions\redhat.java-1.55.0-win32-x64\jre\21.0.11-win32-x86_64\bin\instrument.dll
Event: 0.531 Loaded shared library C:\Users\longv\.cursor\extensions\redhat.java-1.55.0-win32-x64\jre\21.0.11-win32-x86_64\bin\net.dll
Event: 0.542 Loaded shared library C:\Users\longv\.cursor\extensions\redhat.java-1.55.0-win32-x64\jre\21.0.11-win32-x86_64\bin\nio.dll
Event: 0.557 Loaded shared library C:\Users\longv\.cursor\extensions\redhat.java-1.55.0-win32-x64\jre\21.0.11-win32-x86_64\bin\zip.dll
Event: 0.661 Loaded shared library C:\Users\longv\.cursor\extensions\redhat.java-1.55.0-win32-x64\jre\21.0.11-win32-x86_64\bin\jimage.dll
Event: 0.787 Loaded shared library c:\Users\longv\.cursor\extensions\redhat.java-1.55.0-win32-x64\jre\21.0.11-win32-x86_64\bin\verify.dll
Event: 3.673 Loaded shared library C:\Users\longv\AppData\Roaming\Cursor\User\globalStorage\redhat.java\1.55.0\config_win\org.eclipse.equinox.launcher\org.eclipse.equinox.launcher.win32.win32.x86_64_1.3.100.v20260613-0559\eclipse_11924.dll
Event: 7.974 Loaded shared library C:\Users\longv\AppData\Local\Temp\jna-103156090\jna10891922471176741172.dll

Deoptimization events (20 events):
Event: 31.538 Thread 0x00000215f2c1d020 Uncommon trap: trap_request=0xffffffd6 fr.pc=0x000002159fa2e6f4 relative=0x0000000000000434
Event: 31.538 Thread 0x00000215f2c1d020 Uncommon trap: reason=array_check action=maybe_recompile pc=0x000002159fa2e6f4 method=java.util.TimSort.reverseRange([Ljava/lang/Object;II)V @ 20 c2
Event: 31.538 Thread 0x00000215f2c1d020 DEOPT PACKING pc=0x000002159fa2e6f4 sp=0x00000039dcefcc50
Event: 31.538 Thread 0x00000215f2c1d020 DEOPT UNPACKING pc=0x000002159e943aa2 sp=0x00000039dcefcb60 mode 2
Event: 31.575 Thread 0x00000215f2c1d020 Uncommon trap: trap_request=0xffffff6e fr.pc=0x000002159fa2ee24 relative=0x0000000000000164
Event: 31.575 Thread 0x00000215f2c1d020 Uncommon trap: reason=loop_limit_check action=maybe_recompile pc=0x000002159fa2ee24 method=org.eclipse.jdt.internal.compiler.lookup.BinaryTypeBinding.createMethods([Lorg/eclipse/jdt/internal/compiler/env/IBinaryMethod;Lorg/eclipse/jdt/internal/compiler/en
Event: 31.575 Thread 0x00000215f2c1d020 DEOPT PACKING pc=0x000002159fa2ee24 sp=0x00000039dcefcea0
Event: 31.575 Thread 0x00000215f2c1d020 DEOPT UNPACKING pc=0x000002159e943aa2 sp=0x00000039dcefce08 mode 2
Event: 31.612 Thread 0x00000215f2c1d020 Uncommon trap: trap_request=0xffffffc6 fr.pc=0x000002159f9eb894 relative=0x0000000000001454
Event: 31.612 Thread 0x00000215f2c1d020 Uncommon trap: reason=bimorphic_or_optimized_type_check action=maybe_recompile pc=0x000002159f9eb894 method=org.eclipse.jdt.internal.compiler.parser.Parser.consumeRule(I)V @ 4456 c2
Event: 31.612 Thread 0x00000215f2c1d020 DEOPT PACKING pc=0x000002159f9eb894 sp=0x00000039dcefe4d0
Event: 31.613 Thread 0x00000215f2c1d020 DEOPT UNPACKING pc=0x000002159e943aa2 sp=0x00000039dcefe458 mode 2
Event: 31.623 Thread 0x00000215f2c1d020 Uncommon trap: trap_request=0xffffffde fr.pc=0x000002159f9eb4f4 relative=0x00000000000010b4
Event: 31.623 Thread 0x00000215f2c1d020 Uncommon trap: reason=class_check action=maybe_recompile pc=0x000002159f9eb4f4 method=org.eclipse.jdt.internal.compiler.parser.Parser.consumeRule(I)V @ 5947 c2
Event: 31.623 Thread 0x00000215f2c1d020 DEOPT PACKING pc=0x000002159f9eb4f4 sp=0x00000039dcefe500
Event: 31.623 Thread 0x00000215f2c1d020 DEOPT UNPACKING pc=0x000002159e943aa2 sp=0x00000039dcefe488 mode 2
Event: 31.623 Thread 0x00000215f2c1d020 Uncommon trap: trap_request=0xffffffde fr.pc=0x000002159f9eb4f4 relative=0x00000000000010b4
Event: 31.623 Thread 0x00000215f2c1d020 Uncommon trap: reason=class_check action=maybe_recompile pc=0x000002159f9eb4f4 method=org.eclipse.jdt.internal.compiler.parser.Parser.consumeRule(I)V @ 5947 c2
Event: 31.623 Thread 0x00000215f2c1d020 DEOPT PACKING pc=0x000002159f9eb4f4 sp=0x00000039dcefe500
Event: 31.623 Thread 0x00000215f2c1d020 DEOPT UNPACKING pc=0x000002159e943aa2 sp=0x00000039dcefe488 mode 2

Classes loaded (20 events):
Event: 22.414 Loading class java/util/stream/ReduceOps$5
Event: 22.416 Loading class java/util/stream/ReduceOps$5 done
Event: 22.417 Loading class java/util/stream/ReduceOps$CountingSink$OfRef
Event: 22.417 Loading class java/util/stream/ReduceOps$CountingSink
Event: 22.419 Loading class java/util/stream/ReduceOps$CountingSink done
Event: 22.419 Loading class java/util/stream/ReduceOps$CountingSink$OfRef done
Event: 22.558 Loading class java/util/stream/ReduceOps$1
Event: 22.558 Loading class java/util/stream/ReduceOps$1 done
Event: 22.558 Loading class java/util/stream/ReduceOps$1ReducingSink
Event: 22.559 Loading class java/util/stream/ReduceOps$1ReducingSink done
Event: 22.714 Loading class com/sun/org/apache/xerces/internal/util/URI
Event: 22.715 Loading class com/sun/org/apache/xerces/internal/util/URI done
Event: 22.730 Loading class org/xml/sax/SAXNotRecognizedException
Event: 22.730 Loading class org/xml/sax/SAXNotRecognizedException done
Event: 22.730 Loading class org/xml/sax/SAXNotSupportedException
Event: 22.730 Loading class org/xml/sax/SAXNotSupportedException done
Event: 22.741 Loading class com/sun/org/apache/xerces/internal/xni/XNIException
Event: 22.741 Loading class com/sun/org/apache/xerces/internal/xni/XNIException done
Event: 22.746 Loading class com/sun/org/apache/xerces/internal/xni/parser/XMLParseException
Event: 22.746 Loading class com/sun/org/apache/xerces/internal/xni/parser/XMLParseException done

Classes unloaded (7 events):
Event: 8.558 Thread 0x0000021594271b90 Unloading class 0x00000215ac1a6800 'java/lang/invoke/LambdaForm$MH+0x00000215ac1a6800'
Event: 8.558 Thread 0x0000021594271b90 Unloading class 0x00000215ac1a6400 'java/lang/invoke/LambdaForm$MH+0x00000215ac1a6400'
Event: 8.558 Thread 0x0000021594271b90 Unloading class 0x00000215ac1a6000 'java/lang/invoke/LambdaForm$MH+0x00000215ac1a6000'
Event: 8.558 Thread 0x0000021594271b90 Unloading class 0x00000215ac1a5c00 'java/lang/invoke/LambdaForm$MH+0x00000215ac1a5c00'
Event: 8.558 Thread 0x0000021594271b90 Unloading class 0x00000215ac1a5800 'java/lang/invoke/LambdaForm$BMH+0x00000215ac1a5800'
Event: 8.558 Thread 0x0000021594271b90 Unloading class 0x00000215ac1a5400 'java/lang/invoke/LambdaForm$DMH+0x00000215ac1a5400'
Event: 8.558 Thread 0x0000021594271b90 Unloading class 0x00000215ac1a4000 'java/lang/invoke/LambdaForm$DMH+0x00000215ac1a4000'

Classes redefined (0 events):
No events

Internal exceptions (20 events):
Event: 21.317 Thread 0x00000215f2c1fe10 Exception <a 'sun/nio/fs/WindowsException'{0x00000000d5b205f0}> (0x00000000d5b205f0) 
thrown [s\src\hotspot\share\prims\jni.cpp, line 520]
Event: 21.913 Thread 0x00000215f47d9d50 Exception <a 'sun/nio/fs/WindowsException'{0x00000000d5df96e0}> (0x00000000d5df96e0) 
thrown [s\src\hotspot\share\prims\jni.cpp, line 520]
Event: 21.913 Thread 0x00000215f47d9d50 Exception <a 'sun/nio/fs/WindowsException'{0x00000000d5df9ee8}> (0x00000000d5df9ee8) 
thrown [s\src\hotspot\share\prims\jni.cpp, line 520]
Event: 21.914 Thread 0x00000215f47d9d50 Exception <a 'sun/nio/fs/WindowsException'{0x00000000d5dfab18}> (0x00000000d5dfab18) 
thrown [s\src\hotspot\share\prims\jni.cpp, line 520]
Event: 21.914 Thread 0x00000215f47d9d50 Exception <a 'sun/nio/fs/WindowsException'{0x00000000d5dfb300}> (0x00000000d5dfb300) 
thrown [s\src\hotspot\share\prims\jni.cpp, line 520]
Event: 21.919 Thread 0x00000215f47d9d50 Exception <a 'sun/nio/fs/WindowsException'{0x00000000d5580058}> (0x00000000d5580058) 
thrown [s\src\hotspot\share\prims\jni.cpp, line 520]
Event: 21.920 Thread 0x00000215f47d9d50 Exception <a 'sun/nio/fs/WindowsException'{0x00000000d5580840}> (0x00000000d5580840) 
thrown [s\src\hotspot\share\prims\jni.cpp, line 520]
Event: 21.931 Thread 0x00000215f47d9d50 Exception <a 'sun/nio/fs/WindowsException'{0x00000000d5cb5220}> (0x00000000d5cb5220) 
thrown [s\src\hotspot\share\prims\jni.cpp, line 520]
Event: 21.931 Thread 0x00000215f47d9d50 Exception <a 'sun/nio/fs/WindowsException'{0x00000000d5cb5a08}> (0x00000000d5cb5a08) 
thrown [s\src\hotspot\share\prims\jni.cpp, line 520]
Event: 22.190 Thread 0x00000215f2c1d020 Exception <a 'java/lang/NoSuchMethodError'{0x00000000d5d1e348}: 'int java.lang.invoke.DirectMethodHandle$Holder.invokeSpecialIFC(java.lang.Object, java.lang.Object, java.lang.Object)'> (0x00000000d5d1e348) 
thrown [s\src\hotspot\share\interpreter\linkResolver.cpp, line 773]
Event: 22.427 Thread 0x00000215f2c1fe10 Exception <a 'sun/nio/fs/WindowsException'{0x00000000d58a63c0}> (0x00000000d58a63c0) 
thrown [s\src\hotspot\share\prims\jni.cpp, line 520]
Event: 22.427 Thread 0x00000215f2c1fe10 Exception <a 'sun/nio/fs/WindowsException'{0x00000000d58a68f8}> (0x00000000d58a68f8) 
thrown [s\src\hotspot\share\prims\jni.cpp, line 520]
Event: 22.631 Thread 0x00000215f2c1fe10 Exception <a 'java/lang/NoSuchMethodError'{0x00000000d58f1b70}: 'java.lang.Object java.lang.invoke.DirectMethodHandle$Holder.invokeStatic(java.lang.Object, java.lang.Object, int, java.lang.Object)'> (0x00000000d58f1b70) 
thrown [s\src\hotspot\share\interpreter\linkResolver.cpp, line 773]
Event: 22.632 Thread 0x00000215f2c1fe10 Exception <a 'java/lang/NoSuchMethodError'{0x00000000d58f8280}: 'java.lang.Object java.lang.invoke.DirectMethodHandle$Holder.newInvokeSpecial(java.lang.Object, java.lang.Object, int)'> (0x00000000d58f8280) 
thrown [s\src\hotspot\share\interpreter\linkResolver.cpp, line 773]
Event: 22.875 Thread 0x00000215f2c1d020 Exception <a 'java/io/FileNotFoundException'{0x00000000d5727200}> (0x00000000d5727200) 
thrown [s\src\hotspot\share\prims\jni.cpp, line 520]
Event: 22.875 Thread 0x00000215f2c1d020 Exception <a 'java/io/FileNotFoundException'{0x00000000d57282f0}> (0x00000000d57282f0) 
thrown [s\src\hotspot\share\prims\jni.cpp, line 520]
Event: 22.876 Thread 0x00000215f2c1d020 Exception <a 'java/io/FileNotFoundException'{0x00000000d5729058}> (0x00000000d5729058) 
thrown [s\src\hotspot\share\prims\jni.cpp, line 520]
Event: 23.261 Thread 0x00000215f2c1d020 Implicit null exception at 0x000002159f52534f to 0x000002159f5254c8
Event: 24.257 Thread 0x00000215f2c1d020 Exception <a 'java/lang/NoSuchMethodError'{0x00000000d5c8eb78}: 'java.lang.Object java.lang.invoke.DirectMethodHandle$Holder.invokeStatic(java.lang.Object, java.lang.Object, int, java.lang.Object, java.lang.Object)'> (0x00000000d5c8eb78) 
thrown [s\src\hotspot\share\interpreter\linkResolver.cpp, line 773]
Event: 26.441 Thread 0x00000215f2c1d020 Implicit null exception at 0x000002159f7459b7 to 0x000002159f7467cc

ZGC Phase Switch (0 events):
No events

VM Operations (20 events):
Event: 31.614 Executing safepoint VM operation: ParallelGCFailedAllocation (Allocation Failure)
Event: 31.615 Executing safepoint VM operation: ParallelGCFailedAllocation (Allocation Failure) done
Event: 31.641 Executing safepoint VM operation: ParallelGCFailedAllocation (Allocation Failure)
Event: 31.643 Executing safepoint VM operation: ParallelGCFailedAllocation (Allocation Failure) done
Event: 31.671 Executing non-safepoint VM operation: HandshakeAllThreads (Deoptimize)
Event: 31.671 Executing non-safepoint VM operation: HandshakeAllThreads (Deoptimize) done
Event: 31.675 Executing safepoint VM operation: ParallelGCFailedAllocation (Allocation Failure)
Event: 31.677 Executing safepoint VM operation: ParallelGCFailedAllocation (Allocation Failure) done
Event: 31.693 Executing safepoint VM operation: ParallelGCFailedAllocation (Allocation Failure)
Event: 31.694 Executing safepoint VM operation: ParallelGCFailedAllocation (Allocation Failure) done
Event: 31.769 Executing safepoint VM operation: ParallelGCFailedAllocation (Allocation Failure)
Event: 31.771 Executing safepoint VM operation: ParallelGCFailedAllocation (Allocation Failure) done
Event: 31.786 Executing safepoint VM operation: ParallelGCFailedAllocation (Allocation Failure)
Event: 31.788 Executing safepoint VM operation: ParallelGCFailedAllocation (Allocation Failure) done
Event: 31.793 Executing safepoint VM operation: ParallelGCFailedAllocation (Allocation Failure)
Event: 31.794 Executing safepoint VM operation: ParallelGCFailedAllocation (Allocation Failure) done
Event: 31.797 Executing safepoint VM operation: ParallelGCFailedAllocation (Allocation Failure)
Event: 31.798 Executing safepoint VM operation: ParallelGCFailedAllocation (Allocation Failure) done
Event: 31.800 Executing safepoint VM operation: ParallelGCFailedAllocation (Allocation Failure)
Event: 31.802 Executing safepoint VM operation: ParallelGCFailedAllocation (Allocation Failure) done

Memory protections (0 events):
No events

Nmethod flushes (20 events):
Event: 18.599 Thread 0x0000021594271b90 flushing  nmethod 0x0000021597cd3010
Event: 18.599 Thread 0x0000021594271b90 flushing  nmethod 0x0000021597d10210
Event: 18.599 Thread 0x0000021594271b90 flushing  nmethod 0x0000021597d14410
Event: 18.599 Thread 0x0000021594271b90 flushing  nmethod 0x0000021597d1e810
Event: 18.599 Thread 0x0000021594271b90 flushing osr nmethod 0x0000021597d28e10
Event: 18.599 Thread 0x0000021594271b90 flushing osr nmethod 0x0000021597d2ab10
Event: 18.599 Thread 0x0000021594271b90 flushing osr nmethod 0x0000021597d6b010
Event: 18.599 Thread 0x0000021594271b90 flushing  nmethod 0x0000021597d82d90
Event: 18.599 Thread 0x0000021594271b90 flushing  nmethod 0x0000021597d91f90
Event: 18.599 Thread 0x0000021594271b90 flushing  nmethod 0x0000021597da0490
Event: 18.599 Thread 0x0000021594271b90 flushing  nmethod 0x0000021597da1d10
Event: 18.599 Thread 0x0000021594271b90 flushing  nmethod 0x0000021597db4a10
Event: 18.599 Thread 0x0000021594271b90 flushing  nmethod 0x0000021597db9b10
Event: 18.599 Thread 0x0000021594271b90 flushing  nmethod 0x0000021597dba110
Event: 18.599 Thread 0x0000021594271b90 flushing  nmethod 0x0000021597dbb090
Event: 18.599 Thread 0x0000021594271b90 flushing  nmethod 0x0000021597dbf990
Event: 18.599 Thread 0x0000021594271b90 flushing  nmethod 0x0000021597dcaf90
Event: 18.599 Thread 0x0000021594271b90 flushing  nmethod 0x0000021597df7090
Event: 18.599 Thread 0x0000021594271b90 flushing  nmethod 0x0000021597e54c10
Event: 18.599 Thread 0x0000021594271b90 flushing  nmethod 0x0000021597e57b10

Events (20 events):
Event: 12.306 Thread 0x00000215f2c1f0f0 Thread added: 0x00000215f47d2dc0
Event: 13.042 Thread 0x00000215eddac620 Thread exited: 0x00000215eddac620
Event: 13.220 Thread 0x00000215f47d2dc0 Thread exited: 0x00000215f47d2dc0
Event: 13.416 Thread 0x00000215edafda60 Thread added: 0x00000215f4b06670
Event: 18.227 Thread 0x00000215f48e0b50 Thread added: 0x00000215f47d9030
Event: 18.229 Thread 0x00000215f47d9030 Thread added: 0x00000215f47d4800
Event: 18.230 Thread 0x00000215f47d4800 Thread added: 0x00000215f47d2730
Event: 18.232 Thread 0x00000215f47d2730 Thread added: 0x00000215f47d9d50
Event: 18.291 Thread 0x00000215f48e0b50 Thread added: 0x00000215f47d4e90
Event: 20.172 Thread 0x00000215f2c1fe10 Thread added: 0x00000215f5b0c730
Event: 20.173 Thread 0x00000215f2c1fe10 Thread added: 0x00000215f5b0ee90
Event: 20.173 Thread 0x00000215f2c1fe10 Thread added: 0x00000215f5b0dae0
Event: 20.173 Thread 0x00000215f2c1fe10 Thread added: 0x00000215f5b0e170
Event: 20.173 Thread 0x00000215f2c1fe10 Thread added: 0x00000215f5b09940
Event: 21.197 Thread 0x00000215f5b09940 Thread exited: 0x00000215f5b09940
Event: 21.197 Thread 0x00000215f5b0e170 Thread exited: 0x00000215f5b0e170
Event: 21.197 Thread 0x00000215f5b0ee90 Thread exited: 0x00000215f5b0ee90
Event: 21.197 Thread 0x00000215f5b0c730 Thread exited: 0x00000215f5b0c730
Event: 21.197 Thread 0x00000215f5b0dae0 Thread exited: 0x00000215f5b0dae0
Event: 29.866 Thread 0x00000215f4b06670 Thread exited: 0x00000215f4b06670


Dynamic libraries:
0x00007ff6b8040000 - 0x00007ff6b804e000 	c:\Users\longv\.cursor\extensions\redhat.java-1.55.0-win32-x64\jre\21.0.11-win32-x86_64\bin\java.exe
0x00007ffa87bd0000 - 0x00007ffa87dc8000 	C:\Windows\SYSTEM32\ntdll.dll
0x00007ffa87320000 - 0x00007ffa873e2000 	C:\Windows\System32\KERNEL32.DLL
0x00007ffa857d0000 - 0x00007ffa85ac6000 	C:\Windows\System32\KERNELBASE.dll
0x00007ffa856d0000 - 0x00007ffa857d0000 	C:\Windows\System32\ucrtbase.dll
0x00007ffa77360000 - 0x00007ffa77378000 	c:\Users\longv\.cursor\extensions\redhat.java-1.55.0-win32-x64\jre\21.0.11-win32-x86_64\bin\jli.dll
0x00007ffa86200000 - 0x00007ffa863a1000 	C:\Windows\System32\USER32.dll
0x00007ffa85290000 - 0x00007ffa852b2000 	C:\Windows\System32\win32u.dll
0x00007ffa870b0000 - 0x00007ffa870db000 	C:\Windows\System32\GDI32.dll
0x00007ffa85ad0000 - 0x00007ffa85be9000 	C:\Windows\System32\gdi32full.dll
0x00007ffa852c0000 - 0x00007ffa8535d000 	C:\Windows\System32\msvcp_win.dll
0x00007ffa77150000 - 0x00007ffa7716e000 	c:\Users\longv\.cursor\extensions\redhat.java-1.55.0-win32-x64\jre\21.0.11-win32-x86_64\bin\VCRUNTIME140.dll
0x00007ffa6dd00000 - 0x00007ffa6df9b000 	C:\Windows\WinSxS\amd64_microsoft.windows.common-controls_6595b64144ccf1df_6.0.19041.6456_none_60b8a6cb71f64256\COMCTL32.dll
0x00007ffa863b0000 - 0x00007ffa8644e000 	C:\Windows\System32\msvcrt.dll
0x00007ffa86a00000 - 0x00007ffa86a2f000 	C:\Windows\System32\IMM32.DLL
0x00007ffa80aa0000 - 0x00007ffa80aac000 	c:\Users\longv\.cursor\extensions\redhat.java-1.55.0-win32-x64\jre\21.0.11-win32-x86_64\bin\vcruntime140_1.dll
0x00007ffa71110000 - 0x00007ffa7119d000 	c:\Users\longv\.cursor\extensions\redhat.java-1.55.0-win32-x64\jre\21.0.11-win32-x86_64\bin\msvcp140.dll
0x00007ff96f9d0000 - 0x00007ff970772000 	c:\Users\longv\.cursor\extensions\redhat.java-1.55.0-win32-x64\jre\21.0.11-win32-x86_64\bin\server\jvm.dll
0x00007ffa85cb0000 - 0x00007ffa85d61000 	C:\Windows\System32\ADVAPI32.dll
0x00007ffa86ba0000 - 0x00007ffa86c3f000 	C:\Windows\System32\sechost.dll
0x00007ffa870e0000 - 0x00007ffa87200000 	C:\Windows\System32\RPCRT4.dll
0x00007ffa85260000 - 0x00007ffa85287000 	C:\Windows\System32\bcrypt.dll
0x00007ffa86a30000 - 0x00007ffa86a9b000 	C:\Windows\System32\WS2_32.dll
0x00007ffa84fa0000 - 0x00007ffa84feb000 	C:\Windows\SYSTEM32\POWRPROF.dll
0x00007ffa78de0000 - 0x00007ffa78e07000 	C:\Windows\SYSTEM32\WINMM.dll
0x00007ffa77de0000 - 0x00007ffa77dea000 	C:\Windows\SYSTEM32\VERSION.dll
0x00007ffa84f80000 - 0x00007ffa84f92000 	C:\Windows\SYSTEM32\UMPDC.dll
0x00007ffa83a40000 - 0x00007ffa83a52000 	C:\Windows\SYSTEM32\kernel.appcore.dll
0x00007ffa773d0000 - 0x00007ffa773da000 	c:\Users\longv\.cursor\extensions\redhat.java-1.55.0-win32-x64\jre\21.0.11-win32-x86_64\bin\jimage.dll
0x00007ffa83060000 - 0x00007ffa83261000 	C:\Windows\SYSTEM32\DBGHELP.DLL
0x00007ffa5aef0000 - 0x00007ffa5af24000 	C:\Windows\SYSTEM32\dbgcore.DLL
0x00007ffa854c0000 - 0x00007ffa85542000 	C:\Windows\System32\bcryptPrimitives.dll
0x00007ffa77300000 - 0x00007ffa7730f000 	c:\Users\longv\.cursor\extensions\redhat.java-1.55.0-win32-x64\jre\21.0.11-win32-x86_64\bin\instrument.dll
0x00007ffa74a50000 - 0x00007ffa74a70000 	c:\Users\longv\.cursor\extensions\redhat.java-1.55.0-win32-x64\jre\21.0.11-win32-x86_64\bin\java.dll
0x00007ffa87420000 - 0x00007ffa87b90000 	C:\Windows\System32\SHELL32.dll
0x00007ffa83290000 - 0x00007ffa83a35000 	C:\Windows\SYSTEM32\windows.storage.dll
0x00007ffa86450000 - 0x00007ffa867a4000 	C:\Windows\System32\combase.dll
0x00007ffa84b50000 - 0x00007ffa84b7b000 	C:\Windows\SYSTEM32\Wldp.dll
0x00007ffa85f80000 - 0x00007ffa8604d000 	C:\Windows\System32\OLEAUT32.dll
0x00007ffa867b0000 - 0x00007ffa8685d000 	C:\Windows\System32\SHCORE.dll
0x00007ffa85d70000 - 0x00007ffa85dcb000 	C:\Windows\System32\shlwapi.dll
0x00007ffa85190000 - 0x00007ffa851b4000 	C:\Windows\SYSTEM32\profapi.dll
0x00007ffa74a30000 - 0x00007ffa74a48000 	c:\Users\longv\.cursor\extensions\redhat.java-1.55.0-win32-x64\jre\21.0.11-win32-x86_64\bin\zip.dll
0x00007ffa77250000 - 0x00007ffa77260000 	C:\Users\longv\.cursor\extensions\redhat.java-1.55.0-win32-x64\jre\21.0.11-win32-x86_64\bin\net.dll
0x00007ffa7daf0000 - 0x00007ffa7dbfa000 	C:\Windows\SYSTEM32\WINHTTP.dll
0x00007ffa848b0000 - 0x00007ffa8491a000 	C:\Windows\system32\mswsock.dll
0x00007ffa771d0000 - 0x00007ffa771e6000 	C:\Users\longv\.cursor\extensions\redhat.java-1.55.0-win32-x64\jre\21.0.11-win32-x86_64\bin\nio.dll
0x00007ffa74910000 - 0x00007ffa74920000 	c:\Users\longv\.cursor\extensions\redhat.java-1.55.0-win32-x64\jre\21.0.11-win32-x86_64\bin\verify.dll
0x00007ffa6fb80000 - 0x00007ffa6fbc5000 	C:\Users\longv\AppData\Roaming\Cursor\User\globalStorage\redhat.java\1.55.0\config_win\org.eclipse.equinox.launcher\org.eclipse.equinox.launcher.win32.win32.x86_64_1.3.100.v20260613-0559\eclipse_11924.dll
0x00007ffa85e50000 - 0x00007ffa85f7b000 	C:\Windows\System32\ole32.dll
0x00007ffa84a90000 - 0x00007ffa84aa8000 	C:\Windows\SYSTEM32\CRYPTSP.dll
0x00007ffa841f0000 - 0x00007ffa84228000 	C:\Windows\system32\rsaenh.dll
0x00007ffa85110000 - 0x00007ffa8513e000 	C:\Windows\SYSTEM32\USERENV.dll
0x00007ffa84a50000 - 0x00007ffa84a5c000 	C:\Windows\SYSTEM32\CRYPTBASE.dll
0x00007ffa845b0000 - 0x00007ffa845eb000 	C:\Windows\SYSTEM32\IPHLPAPI.DLL
0x00007ffa86b90000 - 0x00007ffa86b98000 	C:\Windows\System32\NSI.dll
0x00007ffa6f9d0000 - 0x00007ffa6fa19000 	C:\Users\longv\AppData\Local\Temp\jna-103156090\jna10891922471176741172.dll
0x00007ffa873f0000 - 0x00007ffa873f8000 	C:\Windows\System32\PSAPI.DLL
0x00007ffa7e950000 - 0x00007ffa7e967000 	C:\Windows\SYSTEM32\dhcpcsvc6.DLL
0x00007ffa7e930000 - 0x00007ffa7e94d000 	C:\Windows\SYSTEM32\dhcpcsvc.DLL

JVMTI agents:
c:\Users\longv\.cursor\extensions\redhat.java-1.55.0-win32-x64\lombok\lombok-1.18.39-4050.jar path:c:\Users\longv\.cursor\extensions\redhat.java-1.55.0-win32-x64\jre\21.0.11-win32-x86_64\bin\instrument.dll, loaded, initialized, instrumentlib options:none

dbghelp: loaded successfully - version: 4.0.5 - missing functions: none
symbol engine: initialized successfully - sym options: 0x614 - pdb path: .;c:\Users\longv\.cursor\extensions\redhat.java-1.55.0-win32-x64\jre\21.0.11-win32-x86_64\bin;C:\Windows\SYSTEM32;C:\Windows\WinSxS\amd64_microsoft.windows.common-controls_6595b64144ccf1df_6.0.19041.6456_none_60b8a6cb71f64256;c:\Users\longv\.cursor\extensions\redhat.java-1.55.0-win32-x64\jre\21.0.11-win32-x86_64\bin\server;C:\Users\longv\AppData\Roaming\Cursor\User\globalStorage\redhat.java\1.55.0\config_win\org.eclipse.equinox.launcher\org.eclipse.equinox.launcher.win32.win32.x86_64_1.3.100.v20260613-0559;C:\Users\longv\AppData\Local\Temp\jna-103156090

VM Arguments:
jvm_args: --add-modules=ALL-SYSTEM --add-opens=java.base/java.util=ALL-UNNAMED --add-opens=java.base/java.lang=ALL-UNNAMED --add-opens=java.base/sun.nio.fs=ALL-UNNAMED -Declipse.application=org.eclipse.jdt.ls.core.id1 -Dosgi.bundles.defaultStartLevel=4 -Declipse.product=org.eclipse.jdt.ls.core.product -Djava.import.generatesMetadataFilesAtProjectRoot=false -DDetectVMInstallationsJob.disabled=true -Dfile.encoding=utf8 -XX:+UseParallelGC -XX:GCTimeRatio=4 -XX:AdaptiveSizePolicyWeight=90 -Dsun.zip.disableMemoryMapping=true -Xmx2G -Xms100m -Xlog:disable -javaagent:c:\Users\longv\.cursor\extensions\redhat.java-1.55.0-win32-x64\lombok\lombok-1.18.39-4050.jar -XX:+HeapDumpOnOutOfMemoryError -XX:HeapDumpPath=c:\Users\longv\AppData\Roaming\Cursor\User\workspaceStorage\26bc639ebba54021f9c3c7bad135f42b\redhat.java -Daether.dependencyCollector.impl=bf 
java_command: c:\Users\longv\.cursor\extensions\redhat.java-1.55.0-win32-x64\server\plugins\org.eclipse.equinox.launcher_1.7.200.v20260619-2039.jar -configuration c:\Users\longv\AppData\Roaming\Cursor\User\globalStorage\redhat.java\1.55.0\config_win -data c:\Users\longv\AppData\Roaming\Cursor\User\workspaceStorage\26bc639ebba54021f9c3c7bad135f42b\redhat.java\jdt_ws --pipe=\\.\pipe\lsp-20a4fe417a9e331b7a8454c5db6677ff-sock
java_class_path (initial): c:\Users\longv\.cursor\extensions\redhat.java-1.55.0-win32-x64\server\plugins\org.eclipse.equinox.launcher_1.7.200.v20260619-2039.jar
Launcher Type: SUN_STANDARD

[Global flags]
    uintx AdaptiveSizePolicyWeight                 = 90                                        {product} {command line}
     intx CICompilerCount                          = 4                                         {product} {ergonomic}
    uintx GCTimeRatio                              = 4                                         {product} {command line}
     bool HeapDumpOnOutOfMemoryError               = true                                   {manageable} {command line}
    ccstr HeapDumpPath                             = c:\Users\longv\AppData\Roaming\Cursor\User\workspaceStorage\26bc639ebba54021f9c3c7bad135f42b\redhat.java         {manageable} {command line}
   size_t InitialHeapSize                          = 104857600                                 {product} {command line}
   size_t MaxHeapSize                              = 2147483648                                {product} {command line}
   size_t MaxNewSize                               = 715653120                                 {product} {ergonomic}
   size_t MinHeapDeltaBytes                        = 524288                                    {product} {ergonomic}
   size_t MinHeapSize                              = 104857600                                 {product} {command line}
   size_t NewSize                                  = 34603008                                  {product} {ergonomic}
    uintx NonNMethodCodeHeapSize                   = 5839372                                {pd product} {ergonomic}
    uintx NonProfiledCodeHeapSize                  = 122909434                              {pd product} {ergonomic}
   size_t OldSize                                  = 70254592                                  {product} {ergonomic}
    uintx ProfiledCodeHeapSize                     = 122909434                              {pd product} {ergonomic}
    uintx ReservedCodeCacheSize                    = 251658240                              {pd product} {ergonomic}
     bool SegmentedCodeCache                       = true                                      {product} {ergonomic}
   size_t SoftMaxHeapSize                          = 2147483648                             {manageable} {ergonomic}
     bool UseCompressedOops                        = true                           {product lp64_product} {ergonomic}
     bool UseLargePagesIndividualAllocation        = false                                  {pd product} {ergonomic}
     bool UseParallelGC                            = true                                      {product} {command line}

Logging:
Log output configuration:
 #0: stdout all=off uptime,level,tags foldmultilines=false
 #1: stderr all=off uptime,level,tags foldmultilines=false

Release file:
JAVA_VERSION="21.0.11" 
MODULES="java.base java.compiler java.datatransfer java.xml java.prefs java.desktop java.instrument java.logging java.management java.security.sasl java.naming java.rmi java.management.rmi java.net.http java.scripting java.security.jgss java.transaction.xa java.sql java.sql.rowset java.xml.crypto java.se java.smartcardio jdk.accessibility jdk.internal.jvmstat jdk.attach jdk.charsets jdk.internal.opt jdk.zipfs jdk.compiler jdk.crypto.ec jdk.crypto.cryptoki jdk.crypto.mscapi jdk.dynalink jdk.internal.ed jdk.editpad jdk.hotspot.agent jdk.httpserver jdk.internal.le jdk.internal.vm.ci jdk.internal.vm.compiler jdk.internal.vm.compiler.management jdk.jartool jdk.javadoc jdk.jcmd jdk.management jdk.management.agent jdk.jconsole jdk.jdeps jdk.jdwp.agent jdk.jdi jdk.jfr jdk.jshell jdk.jsobject jdk.jstatd jdk.localedata jdk.management.jfr jdk.naming.dns jdk.naming.rmi jdk.net jdk.nio.mapmode jdk.random jdk.sctp jdk.security.auth jdk.security.jgss jdk.unsupported jdk.unsupported.desktop jdk.xml.dom" 

Environment Variables:
JAVA_HOME=C:\jdk-17.0.12
PATH=C:\Program Files (x86)\VMware\VMware Workstation\bin\;C:\Windows\system32;C:\Windows;C:\Windows\System32\Wbem;C:\Windows\System32\WindowsPowerShell\v1.0\;C:\Windows\System32\OpenSSH\;C:\Program Files\Tailscale\;C:\Program Files\Git\cmd;C:\DEV\apache-maven-3.9.12\bin;C:\jdk-17.0.12\bin;C:\Program Files\nodejs\;C:\Program Files\Cloudflare\Cloudflare WARP\;C:\Program Files\Docker\Docker\resources\bin;C:\Program Files\dotnet\;C:\Program Files (x86)\Microsoft SQL Server\170\Tools\Binn\;C:\Program Files\Microsoft SQL Server\170\Tools\Binn\;C:\Program Files\Microsoft SQL Server\Client SDK\ODBC\180\Tools\Binn\;C:\Program Files\Microsoft SQL Server\170\DTS\Binn\;C:\Users\longv\AppData\Local\Programs\Python\Python312\Scripts\;C:\Users\longv\AppData\Local\Programs\Python\Python312\;C:\Users\longv\AppData\Local\Programs\Python\Python315\Scripts\;C:\Users\longv\AppData\Local\Programs\Python\Python315\;C:\Users\longv\AppData\Local\Programs\Python\Launcher\;C:\Users\longv\AppData\Local\Microsoft\WindowsApps;C:\Users\longv\AppData\Local\Python\bin;C:\Users\longv\AppData\Local\Programs\Microsoft VS Code\bin;%IntelliJ IDEA%;C:\Users\longv\AppData\Local\Programs\cursor\resources\app\bin;C:\Users\longv\AppData\Roaming\npm;C:\Users\longv\AppData\Local\GitHubDesktop\bin;C:\Users\longv\bin;C:\Users\longv\bin;C:\Users\longv\AppData\Local\Programs\Antigravity\bin;C:\Users\longv\AppData\Local\Programs\Antigravity IDE\bin;C:\Users\longv\.dotnet\tools
USERNAME=longv
OS=Windows_NT
PROCESSOR_IDENTIFIER=Intel64 Family 6 Model 151 Stepping 2, GenuineIntel
TMP=C:\Users\longv\AppData\Local\Temp
TEMP=C:\Users\longv\AppData\Local\Temp




Periodic native trim disabled

---------------  S Y S T E M  ---------------

OS:
 Windows 10 , 64 bit Build 19041 (10.0.19041.5915)
OS uptime: 16 days 20:27 hours
Hyper-V role detected

CPU: total 12 (initial active 12) (6 cores per cpu, 2 threads per core) family 6 model 151 stepping 2 microcode 0x2e, cx8, cmov, fxsr, ht, mmx, 3dnowpref, sse, sse2, sse3, ssse3, sse4.1, sse4.2, popcnt, lzcnt, tsc, tscinvbit, avx, avx2, aes, erms, clmul, bmi1, bmi2, adx, sha, fma, vzeroupper, clflush, clflushopt, clwb, hv, rdtscp, rdpid, fsrm, f16c, cet_ibt, cet_ss
Processor Information for the first 12 processors :
  Max Mhz: 2500, Current Mhz: 2500, Mhz Limit: 2500

Memory: 4k page, system-wide physical 16215M (295M free)
TotalPageFile size 56869M (AvailPageFile size 3M)
current process WorkingSet (physical memory assigned to process): 385M, peak: 425M
current process commit charge ("private bytes"): 466M, peak: 521M

vm_info: OpenJDK 64-Bit Server VM (21.0.11+10-LTS) for windows-amd64 JRE (21.0.11+10-LTS), built on 2026-04-21T00:00:00Z by "admin" with MS VC++ 17.12 (VS2022)

END.
